
*** Running vivado
    with args -log mb_usb_hdmi_top.vds -m64 -product Vivado -mode batch -messageDb vivado.pb -notrace -source mb_usb_hdmi_top.tcl



****** Vivado v2022.2 (64-bit)
  **** SW Build 3671981 on Fri Oct 14 05:00:03 MDT 2022
  **** IP Build 3669848 on Fri Oct 14 08:30:02 MDT 2022
    ** Copyright 1986-2022 Xilinx, Inc. All Rights Reserved.

source mb_usb_hdmi_top.tcl -notrace
INFO: [IP_Flow 19-234] Refreshing IP repositories
INFO: [IP_Flow 19-1700] Loaded user IP repository 'c:/Users/Poiku/Documents/ECE385/fnaf/hdmi_tx_1.0'.
INFO: [IP_Flow 19-2313] Loaded Vivado IP repository 'C:/Xilinx/Vivado/2022.2/data/ip'.
Command: read_checkpoint -auto_incremental -incremental C:/Users/Poiku/Documents/ECE385/fnaf/fnaf.srcs/utils_1/imports/synth_1/mb_usb_hdmi_top.dcp
INFO: [Vivado 12-5825] Read reference checkpoint from C:/Users/Poiku/Documents/ECE385/fnaf/fnaf.srcs/utils_1/imports/synth_1/mb_usb_hdmi_top.dcp for incremental synthesis
INFO: [Vivado 12-7989] Please ensure there are no constraint changes
Command: synth_design -top mb_usb_hdmi_top -part xc7s50csga324-1
Starting synth_design
Attempting to get a license for feature 'Synthesis' and/or device 'xc7s50'
INFO: [Common 17-349] Got license for feature 'Synthesis' and/or device 'xc7s50'
INFO: [Device 21-403] Loading part xc7s50csga324-1
INFO: [Designutils 20-5440] No compile time benefit to using incremental synthesis; A full resynthesis will be run
INFO: [Designutils 20-4379] Flow is switching to default flow due to incremental criteria not met. If you would like to alter this behaviour and have the flow terminate instead, please set the following parameter config_implementation {autoIncr.Synth.RejectBehavior Terminate}
INFO: [Synth 8-7079] Multithreading enabled for synth_design using a maximum of 2 processes.
INFO: [Synth 8-7078] Launching helper process for spawning children vivado processes
INFO: [Synth 8-7075] Helper process launched with PID 3908
INFO: [Synth 8-11241] undeclared symbol 'REGCCE', assumed default net type 'wire' [C:/Xilinx/Vivado/2022.2/data/verilog/src/unimacro/BRAM_SINGLE_MACRO.v:2170]
---------------------------------------------------------------------------------
Starting RTL Elaboration : Time (s): cpu = 00:00:01 ; elapsed = 00:00:05 . Memory (MB): peak = 1223.426 ; gain = 407.949
---------------------------------------------------------------------------------
INFO: [Synth 8-6157] synthesizing module 'mb_usb_hdmi_top' [C:/Users/Poiku/Documents/ECE385/fnaf/fnaf.srcs/sources_1/new/fnaf_top.sv:2]
INFO: [Synth 8-6157] synthesizing module 'hex_driver' [C:/Users/Poiku/Documents/ECE385/fnaf/fnaf.srcs/sources_1/imports/design_source/hex_driver.sv:1]
INFO: [Synth 8-6157] synthesizing module 'nibble_to_hex' [C:/Users/Poiku/Documents/ECE385/fnaf/fnaf.srcs/sources_1/imports/design_source/hex_driver.sv:11]
INFO: [Synth 8-6155] done synthesizing module 'nibble_to_hex' (0#1) [C:/Users/Poiku/Documents/ECE385/fnaf/fnaf.srcs/sources_1/imports/design_source/hex_driver.sv:11]
INFO: [Synth 8-6157] synthesizing module 'nibble_to_hex' [C:/Users/Poiku/Documents/ECE385/fnaf/fnaf.srcs/sources_1/imports/design_source/hex_driver.sv:11]
INFO: [Synth 8-6155] done synthesizing module 'nibble_to_hex' (0#1) [C:/Users/Poiku/Documents/ECE385/fnaf/fnaf.srcs/sources_1/imports/design_source/hex_driver.sv:11]
INFO: [Synth 8-6157] synthesizing module 'nibble_to_hex' [C:/Users/Poiku/Documents/ECE385/fnaf/fnaf.srcs/sources_1/imports/design_source/hex_driver.sv:11]
INFO: [Synth 8-6155] done synthesizing module 'nibble_to_hex' (0#1) [C:/Users/Poiku/Documents/ECE385/fnaf/fnaf.srcs/sources_1/imports/design_source/hex_driver.sv:11]
INFO: [Synth 8-6157] synthesizing module 'nibble_to_hex' [C:/Users/Poiku/Documents/ECE385/fnaf/fnaf.srcs/sources_1/imports/design_source/hex_driver.sv:11]
INFO: [Synth 8-6155] done synthesizing module 'nibble_to_hex' (0#1) [C:/Users/Poiku/Documents/ECE385/fnaf/fnaf.srcs/sources_1/imports/design_source/hex_driver.sv:11]
INFO: [Synth 8-6155] done synthesizing module 'hex_driver' (0#1) [C:/Users/Poiku/Documents/ECE385/fnaf/fnaf.srcs/sources_1/imports/design_source/hex_driver.sv:1]
INFO: [Synth 8-6157] synthesizing module 'mb_fnaf' [c:/Users/Poiku/Documents/ECE385/fnaf/fnaf.gen/sources_1/bd/mb_fnaf/synth/mb_fnaf.v:936]
INFO: [Synth 8-6157] synthesizing module 'mb_fnaf_axi_uartlite_0_0' [C:/Users/Poiku/Documents/ECE385/fnaf/fnaf.runs/synth_1/.Xil/Vivado-19072-XtraPS/realtime/mb_fnaf_axi_uartlite_0_0_stub.v:5]
INFO: [Synth 8-6155] done synthesizing module 'mb_fnaf_axi_uartlite_0_0' (0#1) [C:/Users/Poiku/Documents/ECE385/fnaf/fnaf.runs/synth_1/.Xil/Vivado-19072-XtraPS/realtime/mb_fnaf_axi_uartlite_0_0_stub.v:5]
INFO: [Synth 8-6157] synthesizing module 'mb_fnaf_clk_wiz_1_0' [C:/Users/Poiku/Documents/ECE385/fnaf/fnaf.runs/synth_1/.Xil/Vivado-19072-XtraPS/realtime/mb_fnaf_clk_wiz_1_0_stub.v:5]
INFO: [Synth 8-6155] done synthesizing module 'mb_fnaf_clk_wiz_1_0' (0#1) [C:/Users/Poiku/Documents/ECE385/fnaf/fnaf.runs/synth_1/.Xil/Vivado-19072-XtraPS/realtime/mb_fnaf_clk_wiz_1_0_stub.v:5]
INFO: [Synth 8-6157] synthesizing module 'mb_fnaf_axi_gpio_0_1' [C:/Users/Poiku/Documents/ECE385/fnaf/fnaf.runs/synth_1/.Xil/Vivado-19072-XtraPS/realtime/mb_fnaf_axi_gpio_0_1_stub.v:5]
INFO: [Synth 8-6155] done synthesizing module 'mb_fnaf_axi_gpio_0_1' (0#1) [C:/Users/Poiku/Documents/ECE385/fnaf/fnaf.runs/synth_1/.Xil/Vivado-19072-XtraPS/realtime/mb_fnaf_axi_gpio_0_1_stub.v:5]
INFO: [Synth 8-6157] synthesizing module 'mb_fnaf_axi_gpio_0_2' [C:/Users/Poiku/Documents/ECE385/fnaf/fnaf.runs/synth_1/.Xil/Vivado-19072-XtraPS/realtime/mb_fnaf_axi_gpio_0_2_stub.v:5]
INFO: [Synth 8-6155] done synthesizing module 'mb_fnaf_axi_gpio_0_2' (0#1) [C:/Users/Poiku/Documents/ECE385/fnaf/fnaf.runs/synth_1/.Xil/Vivado-19072-XtraPS/realtime/mb_fnaf_axi_gpio_0_2_stub.v:5]
INFO: [Synth 8-6157] synthesizing module 'mb_fnaf_axi_gpio_0_0' [C:/Users/Poiku/Documents/ECE385/fnaf/fnaf.runs/synth_1/.Xil/Vivado-19072-XtraPS/realtime/mb_fnaf_axi_gpio_0_0_stub.v:5]
INFO: [Synth 8-6155] done synthesizing module 'mb_fnaf_axi_gpio_0_0' (0#1) [C:/Users/Poiku/Documents/ECE385/fnaf/fnaf.runs/synth_1/.Xil/Vivado-19072-XtraPS/realtime/mb_fnaf_axi_gpio_0_0_stub.v:5]
INFO: [Synth 8-6157] synthesizing module 'mb_fnaf_mdm_1_0' [C:/Users/Poiku/Documents/ECE385/fnaf/fnaf.runs/synth_1/.Xil/Vivado-19072-XtraPS/realtime/mb_fnaf_mdm_1_0_stub.v:5]
INFO: [Synth 8-6155] done synthesizing module 'mb_fnaf_mdm_1_0' (0#1) [C:/Users/Poiku/Documents/ECE385/fnaf/fnaf.runs/synth_1/.Xil/Vivado-19072-XtraPS/realtime/mb_fnaf_mdm_1_0_stub.v:5]
INFO: [Synth 8-6157] synthesizing module 'mb_fnaf_microblaze_0_0' [C:/Users/Poiku/Documents/ECE385/fnaf/fnaf.runs/synth_1/.Xil/Vivado-19072-XtraPS/realtime/mb_fnaf_microblaze_0_0_stub.v:5]
INFO: [Synth 8-6155] done synthesizing module 'mb_fnaf_microblaze_0_0' (0#1) [C:/Users/Poiku/Documents/ECE385/fnaf/fnaf.runs/synth_1/.Xil/Vivado-19072-XtraPS/realtime/mb_fnaf_microblaze_0_0_stub.v:5]
INFO: [Synth 8-6157] synthesizing module 'mb_fnaf_microblaze_0_axi_intc_0' [C:/Users/Poiku/Documents/ECE385/fnaf/fnaf.runs/synth_1/.Xil/Vivado-19072-XtraPS/realtime/mb_fnaf_microblaze_0_axi_intc_0_stub.v:5]
INFO: [Synth 8-6155] done synthesizing module 'mb_fnaf_microblaze_0_axi_intc_0' (0#1) [C:/Users/Poiku/Documents/ECE385/fnaf/fnaf.runs/synth_1/.Xil/Vivado-19072-XtraPS/realtime/mb_fnaf_microblaze_0_axi_intc_0_stub.v:5]
INFO: [Synth 8-6157] synthesizing module 'mb_fnaf_microblaze_0_axi_periph_0' [c:/Users/Poiku/Documents/ECE385/fnaf/fnaf.gen/sources_1/bd/mb_fnaf/synth/mb_fnaf.v:1612]
INFO: [Synth 8-6157] synthesizing module 'm00_couplers_imp_KG3E7O' [c:/Users/Poiku/Documents/ECE385/fnaf/fnaf.gen/sources_1/bd/mb_fnaf/synth/mb_fnaf.v:12]
INFO: [Synth 8-6155] done synthesizing module 'm00_couplers_imp_KG3E7O' (0#1) [c:/Users/Poiku/Documents/ECE385/fnaf/fnaf.gen/sources_1/bd/mb_fnaf/synth/mb_fnaf.v:12]
INFO: [Synth 8-6157] synthesizing module 'm01_couplers_imp_1L6LDKN' [c:/Users/Poiku/Documents/ECE385/fnaf/fnaf.gen/sources_1/bd/mb_fnaf/synth/mb_fnaf.v:144]
INFO: [Synth 8-6155] done synthesizing module 'm01_couplers_imp_1L6LDKN' (0#1) [c:/Users/Poiku/Documents/ECE385/fnaf/fnaf.gen/sources_1/bd/mb_fnaf/synth/mb_fnaf.v:144]
INFO: [Synth 8-6157] synthesizing module 'm02_couplers_imp_17PRIB7' [c:/Users/Poiku/Documents/ECE385/fnaf/fnaf.gen/sources_1/bd/mb_fnaf/synth/mb_fnaf.v:276]
INFO: [Synth 8-6155] done synthesizing module 'm02_couplers_imp_17PRIB7' (0#1) [c:/Users/Poiku/Documents/ECE385/fnaf/fnaf.gen/sources_1/bd/mb_fnaf/synth/mb_fnaf.v:276]
INFO: [Synth 8-6157] synthesizing module 'm03_couplers_imp_79DXRK' [c:/Users/Poiku/Documents/ECE385/fnaf/fnaf.gen/sources_1/bd/mb_fnaf/synth/mb_fnaf.v:408]
INFO: [Synth 8-6155] done synthesizing module 'm03_couplers_imp_79DXRK' (0#1) [c:/Users/Poiku/Documents/ECE385/fnaf/fnaf.gen/sources_1/bd/mb_fnaf/synth/mb_fnaf.v:408]
INFO: [Synth 8-6157] synthesizing module 'm04_couplers_imp_GAKWVV' [c:/Users/Poiku/Documents/ECE385/fnaf/fnaf.gen/sources_1/bd/mb_fnaf/synth/mb_fnaf.v:540]
INFO: [Synth 8-6155] done synthesizing module 'm04_couplers_imp_GAKWVV' (0#1) [c:/Users/Poiku/Documents/ECE385/fnaf/fnaf.gen/sources_1/bd/mb_fnaf/synth/mb_fnaf.v:540]
INFO: [Synth 8-6157] synthesizing module 'm05_couplers_imp_1GH3PRS' [c:/Users/Poiku/Documents/ECE385/fnaf/fnaf.gen/sources_1/bd/mb_fnaf/synth/mb_fnaf.v:672]
INFO: [Synth 8-6155] done synthesizing module 'm05_couplers_imp_1GH3PRS' (0#1) [c:/Users/Poiku/Documents/ECE385/fnaf/fnaf.gen/sources_1/bd/mb_fnaf/synth/mb_fnaf.v:672]
INFO: [Synth 8-6157] synthesizing module 'm06_couplers_imp_1U6JKQK' [c:/Users/Poiku/Documents/ECE385/fnaf/fnaf.gen/sources_1/bd/mb_fnaf/synth/mb_fnaf.v:804]
INFO: [Synth 8-6155] done synthesizing module 'm06_couplers_imp_1U6JKQK' (0#1) [c:/Users/Poiku/Documents/ECE385/fnaf/fnaf.gen/sources_1/bd/mb_fnaf/synth/mb_fnaf.v:804]
INFO: [Synth 8-6157] synthesizing module 's00_couplers_imp_1LB8DUW' [c:/Users/Poiku/Documents/ECE385/fnaf/fnaf.gen/sources_1/bd/mb_fnaf/synth/mb_fnaf.v:2936]
INFO: [Synth 8-6155] done synthesizing module 's00_couplers_imp_1LB8DUW' (0#1) [c:/Users/Poiku/Documents/ECE385/fnaf/fnaf.gen/sources_1/bd/mb_fnaf/synth/mb_fnaf.v:2936]
INFO: [Synth 8-6157] synthesizing module 'mb_fnaf_xbar_0' [C:/Users/Poiku/Documents/ECE385/fnaf/fnaf.runs/synth_1/.Xil/Vivado-19072-XtraPS/realtime/mb_fnaf_xbar_0_stub.v:5]
INFO: [Synth 8-6155] done synthesizing module 'mb_fnaf_xbar_0' (0#1) [C:/Users/Poiku/Documents/ECE385/fnaf/fnaf.runs/synth_1/.Xil/Vivado-19072-XtraPS/realtime/mb_fnaf_xbar_0_stub.v:5]
WARNING: [Synth 8-7071] port 'm_axi_awprot' of module 'mb_fnaf_xbar_0' is unconnected for instance 'xbar' [c:/Users/Poiku/Documents/ECE385/fnaf/fnaf.gen/sources_1/bd/mb_fnaf/synth/mb_fnaf.v:2661]
WARNING: [Synth 8-7071] port 'm_axi_arprot' of module 'mb_fnaf_xbar_0' is unconnected for instance 'xbar' [c:/Users/Poiku/Documents/ECE385/fnaf/fnaf.gen/sources_1/bd/mb_fnaf/synth/mb_fnaf.v:2661]
WARNING: [Synth 8-7023] instance 'xbar' of module 'mb_fnaf_xbar_0' has 40 connections declared, but only 38 given [c:/Users/Poiku/Documents/ECE385/fnaf/fnaf.gen/sources_1/bd/mb_fnaf/synth/mb_fnaf.v:2661]
INFO: [Synth 8-6155] done synthesizing module 'mb_fnaf_microblaze_0_axi_periph_0' (0#1) [c:/Users/Poiku/Documents/ECE385/fnaf/fnaf.gen/sources_1/bd/mb_fnaf/synth/mb_fnaf.v:1612]
INFO: [Synth 8-6157] synthesizing module 'microblaze_0_local_memory_imp_1T4DONO' [c:/Users/Poiku/Documents/ECE385/fnaf/fnaf.gen/sources_1/bd/mb_fnaf/synth/mb_fnaf.v:2702]
INFO: [Synth 8-6157] synthesizing module 'mb_fnaf_dlmb_bram_if_cntlr_0' [C:/Users/Poiku/Documents/ECE385/fnaf/fnaf.runs/synth_1/.Xil/Vivado-19072-XtraPS/realtime/mb_fnaf_dlmb_bram_if_cntlr_0_stub.v:5]
INFO: [Synth 8-6155] done synthesizing module 'mb_fnaf_dlmb_bram_if_cntlr_0' (0#1) [C:/Users/Poiku/Documents/ECE385/fnaf/fnaf.runs/synth_1/.Xil/Vivado-19072-XtraPS/realtime/mb_fnaf_dlmb_bram_if_cntlr_0_stub.v:5]
INFO: [Synth 8-6157] synthesizing module 'mb_fnaf_dlmb_v10_0' [C:/Users/Poiku/Documents/ECE385/fnaf/fnaf.runs/synth_1/.Xil/Vivado-19072-XtraPS/realtime/mb_fnaf_dlmb_v10_0_stub.v:5]
INFO: [Synth 8-6155] done synthesizing module 'mb_fnaf_dlmb_v10_0' (0#1) [C:/Users/Poiku/Documents/ECE385/fnaf/fnaf.runs/synth_1/.Xil/Vivado-19072-XtraPS/realtime/mb_fnaf_dlmb_v10_0_stub.v:5]
WARNING: [Synth 8-7071] port 'LMB_Rst' of module 'mb_fnaf_dlmb_v10_0' is unconnected for instance 'dlmb_v10' [c:/Users/Poiku/Documents/ECE385/fnaf/fnaf.gen/sources_1/bd/mb_fnaf/synth/mb_fnaf.v:2848]
WARNING: [Synth 8-7023] instance 'dlmb_v10' of module 'mb_fnaf_dlmb_v10_0' has 25 connections declared, but only 24 given [c:/Users/Poiku/Documents/ECE385/fnaf/fnaf.gen/sources_1/bd/mb_fnaf/synth/mb_fnaf.v:2848]
INFO: [Synth 8-6157] synthesizing module 'mb_fnaf_ilmb_bram_if_cntlr_0' [C:/Users/Poiku/Documents/ECE385/fnaf/fnaf.runs/synth_1/.Xil/Vivado-19072-XtraPS/realtime/mb_fnaf_ilmb_bram_if_cntlr_0_stub.v:5]
INFO: [Synth 8-6155] done synthesizing module 'mb_fnaf_ilmb_bram_if_cntlr_0' (0#1) [C:/Users/Poiku/Documents/ECE385/fnaf/fnaf.runs/synth_1/.Xil/Vivado-19072-XtraPS/realtime/mb_fnaf_ilmb_bram_if_cntlr_0_stub.v:5]
INFO: [Synth 8-6157] synthesizing module 'mb_fnaf_ilmb_v10_0' [C:/Users/Poiku/Documents/ECE385/fnaf/fnaf.runs/synth_1/.Xil/Vivado-19072-XtraPS/realtime/mb_fnaf_ilmb_v10_0_stub.v:5]
INFO: [Synth 8-6155] done synthesizing module 'mb_fnaf_ilmb_v10_0' (0#1) [C:/Users/Poiku/Documents/ECE385/fnaf/fnaf.runs/synth_1/.Xil/Vivado-19072-XtraPS/realtime/mb_fnaf_ilmb_v10_0_stub.v:5]
WARNING: [Synth 8-7071] port 'LMB_Rst' of module 'mb_fnaf_ilmb_v10_0' is unconnected for instance 'ilmb_v10' [c:/Users/Poiku/Documents/ECE385/fnaf/fnaf.gen/sources_1/bd/mb_fnaf/synth/mb_fnaf.v:2894]
WARNING: [Synth 8-7023] instance 'ilmb_v10' of module 'mb_fnaf_ilmb_v10_0' has 25 connections declared, but only 24 given [c:/Users/Poiku/Documents/ECE385/fnaf/fnaf.gen/sources_1/bd/mb_fnaf/synth/mb_fnaf.v:2894]
INFO: [Synth 8-6157] synthesizing module 'mb_fnaf_lmb_bram_0' [C:/Users/Poiku/Documents/ECE385/fnaf/fnaf.runs/synth_1/.Xil/Vivado-19072-XtraPS/realtime/mb_fnaf_lmb_bram_0_stub.v:5]
INFO: [Synth 8-6155] done synthesizing module 'mb_fnaf_lmb_bram_0' (0#1) [C:/Users/Poiku/Documents/ECE385/fnaf/fnaf.runs/synth_1/.Xil/Vivado-19072-XtraPS/realtime/mb_fnaf_lmb_bram_0_stub.v:5]
WARNING: [Synth 8-7071] port 'rsta_busy' of module 'mb_fnaf_lmb_bram_0' is unconnected for instance 'lmb_bram' [c:/Users/Poiku/Documents/ECE385/fnaf/fnaf.gen/sources_1/bd/mb_fnaf/synth/mb_fnaf.v:2919]
WARNING: [Synth 8-7071] port 'rstb_busy' of module 'mb_fnaf_lmb_bram_0' is unconnected for instance 'lmb_bram' [c:/Users/Poiku/Documents/ECE385/fnaf/fnaf.gen/sources_1/bd/mb_fnaf/synth/mb_fnaf.v:2919]
WARNING: [Synth 8-7023] instance 'lmb_bram' of module 'mb_fnaf_lmb_bram_0' has 16 connections declared, but only 14 given [c:/Users/Poiku/Documents/ECE385/fnaf/fnaf.gen/sources_1/bd/mb_fnaf/synth/mb_fnaf.v:2919]
INFO: [Synth 8-6155] done synthesizing module 'microblaze_0_local_memory_imp_1T4DONO' (0#1) [c:/Users/Poiku/Documents/ECE385/fnaf/fnaf.gen/sources_1/bd/mb_fnaf/synth/mb_fnaf.v:2702]
INFO: [Synth 8-6157] synthesizing module 'mb_fnaf_microblaze_0_xlconcat_0' [c:/Users/Poiku/Documents/ECE385/fnaf/fnaf.gen/sources_1/bd/mb_fnaf/ip/mb_fnaf_microblaze_0_xlconcat_0/synth/mb_fnaf_microblaze_0_xlconcat_0.v:53]
INFO: [Synth 8-6157] synthesizing module 'xlconcat_v2_1_4_xlconcat' [c:/Users/Poiku/Documents/ECE385/fnaf/fnaf.gen/sources_1/bd/mb_fnaf/ipshared/4b67/hdl/xlconcat_v2_1_vl_rfs.v:14]
INFO: [Synth 8-6155] done synthesizing module 'xlconcat_v2_1_4_xlconcat' (0#1) [c:/Users/Poiku/Documents/ECE385/fnaf/fnaf.gen/sources_1/bd/mb_fnaf/ipshared/4b67/hdl/xlconcat_v2_1_vl_rfs.v:14]
INFO: [Synth 8-6155] done synthesizing module 'mb_fnaf_microblaze_0_xlconcat_0' (0#1) [c:/Users/Poiku/Documents/ECE385/fnaf/fnaf.gen/sources_1/bd/mb_fnaf/ip/mb_fnaf_microblaze_0_xlconcat_0/synth/mb_fnaf_microblaze_0_xlconcat_0.v:53]
INFO: [Synth 8-6157] synthesizing module 'mb_fnaf_rst_clk_wiz_1_100M_0' [C:/Users/Poiku/Documents/ECE385/fnaf/fnaf.runs/synth_1/.Xil/Vivado-19072-XtraPS/realtime/mb_fnaf_rst_clk_wiz_1_100M_0_stub.v:5]
INFO: [Synth 8-6155] done synthesizing module 'mb_fnaf_rst_clk_wiz_1_100M_0' (0#1) [C:/Users/Poiku/Documents/ECE385/fnaf/fnaf.runs/synth_1/.Xil/Vivado-19072-XtraPS/realtime/mb_fnaf_rst_clk_wiz_1_100M_0_stub.v:5]
WARNING: [Synth 8-7071] port 'peripheral_reset' of module 'mb_fnaf_rst_clk_wiz_1_100M_0' is unconnected for instance 'rst_clk_wiz_1_100M' [c:/Users/Poiku/Documents/ECE385/fnaf/fnaf.gen/sources_1/bd/mb_fnaf/synth/mb_fnaf.v:1548]
WARNING: [Synth 8-7071] port 'interconnect_aresetn' of module 'mb_fnaf_rst_clk_wiz_1_100M_0' is unconnected for instance 'rst_clk_wiz_1_100M' [c:/Users/Poiku/Documents/ECE385/fnaf/fnaf.gen/sources_1/bd/mb_fnaf/synth/mb_fnaf.v:1548]
WARNING: [Synth 8-7023] instance 'rst_clk_wiz_1_100M' of module 'mb_fnaf_rst_clk_wiz_1_100M_0' has 10 connections declared, but only 8 given [c:/Users/Poiku/Documents/ECE385/fnaf/fnaf.gen/sources_1/bd/mb_fnaf/synth/mb_fnaf.v:1548]
INFO: [Synth 8-6157] synthesizing module 'mb_fnaf_axi_quad_spi_0_0' [C:/Users/Poiku/Documents/ECE385/fnaf/fnaf.runs/synth_1/.Xil/Vivado-19072-XtraPS/realtime/mb_fnaf_axi_quad_spi_0_0_stub.v:5]
INFO: [Synth 8-6155] done synthesizing module 'mb_fnaf_axi_quad_spi_0_0' (0#1) [C:/Users/Poiku/Documents/ECE385/fnaf/fnaf.runs/synth_1/.Xil/Vivado-19072-XtraPS/realtime/mb_fnaf_axi_quad_spi_0_0_stub.v:5]
WARNING: [Synth 8-7071] port 'io0_t' of module 'mb_fnaf_axi_quad_spi_0_0' is unconnected for instance 'spi_usb' [c:/Users/Poiku/Documents/ECE385/fnaf/fnaf.gen/sources_1/bd/mb_fnaf/synth/mb_fnaf.v:1557]
WARNING: [Synth 8-7071] port 'io1_o' of module 'mb_fnaf_axi_quad_spi_0_0' is unconnected for instance 'spi_usb' [c:/Users/Poiku/Documents/ECE385/fnaf/fnaf.gen/sources_1/bd/mb_fnaf/synth/mb_fnaf.v:1557]
WARNING: [Synth 8-7071] port 'io1_t' of module 'mb_fnaf_axi_quad_spi_0_0' is unconnected for instance 'spi_usb' [c:/Users/Poiku/Documents/ECE385/fnaf/fnaf.gen/sources_1/bd/mb_fnaf/synth/mb_fnaf.v:1557]
WARNING: [Synth 8-7071] port 'sck_t' of module 'mb_fnaf_axi_quad_spi_0_0' is unconnected for instance 'spi_usb' [c:/Users/Poiku/Documents/ECE385/fnaf/fnaf.gen/sources_1/bd/mb_fnaf/synth/mb_fnaf.v:1557]
WARNING: [Synth 8-7071] port 'ss_t' of module 'mb_fnaf_axi_quad_spi_0_0' is unconnected for instance 'spi_usb' [c:/Users/Poiku/Documents/ECE385/fnaf/fnaf.gen/sources_1/bd/mb_fnaf/synth/mb_fnaf.v:1557]
WARNING: [Synth 8-7023] instance 'spi_usb' of module 'mb_fnaf_axi_quad_spi_0_0' has 33 connections declared, but only 28 given [c:/Users/Poiku/Documents/ECE385/fnaf/fnaf.gen/sources_1/bd/mb_fnaf/synth/mb_fnaf.v:1557]
INFO: [Synth 8-6157] synthesizing module 'mb_fnaf_axi_timer_0_0' [C:/Users/Poiku/Documents/ECE385/fnaf/fnaf.runs/synth_1/.Xil/Vivado-19072-XtraPS/realtime/mb_fnaf_axi_timer_0_0_stub.v:5]
INFO: [Synth 8-6155] done synthesizing module 'mb_fnaf_axi_timer_0_0' (0#1) [C:/Users/Poiku/Documents/ECE385/fnaf/fnaf.runs/synth_1/.Xil/Vivado-19072-XtraPS/realtime/mb_fnaf_axi_timer_0_0_stub.v:5]
WARNING: [Synth 8-7071] port 'generateout0' of module 'mb_fnaf_axi_timer_0_0' is unconnected for instance 'timer_usb_axi' [c:/Users/Poiku/Documents/ECE385/fnaf/fnaf.gen/sources_1/bd/mb_fnaf/synth/mb_fnaf.v:1586]
WARNING: [Synth 8-7071] port 'generateout1' of module 'mb_fnaf_axi_timer_0_0' is unconnected for instance 'timer_usb_axi' [c:/Users/Poiku/Documents/ECE385/fnaf/fnaf.gen/sources_1/bd/mb_fnaf/synth/mb_fnaf.v:1586]
WARNING: [Synth 8-7071] port 'pwm0' of module 'mb_fnaf_axi_timer_0_0' is unconnected for instance 'timer_usb_axi' [c:/Users/Poiku/Documents/ECE385/fnaf/fnaf.gen/sources_1/bd/mb_fnaf/synth/mb_fnaf.v:1586]
WARNING: [Synth 8-7023] instance 'timer_usb_axi' of module 'mb_fnaf_axi_timer_0_0' has 26 connections declared, but only 23 given [c:/Users/Poiku/Documents/ECE385/fnaf/fnaf.gen/sources_1/bd/mb_fnaf/synth/mb_fnaf.v:1586]
INFO: [Synth 8-6155] done synthesizing module 'mb_fnaf' (0#1) [c:/Users/Poiku/Documents/ECE385/fnaf/fnaf.gen/sources_1/bd/mb_fnaf/synth/mb_fnaf.v:936]
WARNING: [Synth 8-7071] port 'gpio_usb_keycode_1_tri_i' of module 'mb_fnaf' is unconnected for instance 'mb_fnaf' [C:/Users/Poiku/Documents/ECE385/fnaf/fnaf.srcs/sources_1/new/fnaf_top.sv:61]
WARNING: [Synth 8-7071] port 'gpio_usb_keycode_1_tri_t' of module 'mb_fnaf' is unconnected for instance 'mb_fnaf' [C:/Users/Poiku/Documents/ECE385/fnaf/fnaf.srcs/sources_1/new/fnaf_top.sv:61]
WARNING: [Synth 8-7023] instance 'mb_fnaf' of module 'mb_fnaf' has 14 connections declared, but only 12 given [C:/Users/Poiku/Documents/ECE385/fnaf/fnaf.srcs/sources_1/new/fnaf_top.sv:61]
INFO: [Synth 8-6157] synthesizing module 'clk_wiz_0' [C:/Users/Poiku/Documents/ECE385/fnaf/fnaf.runs/synth_1/.Xil/Vivado-19072-XtraPS/realtime/clk_wiz_0_stub.v:5]
INFO: [Synth 8-6155] done synthesizing module 'clk_wiz_0' (0#1) [C:/Users/Poiku/Documents/ECE385/fnaf/fnaf.runs/synth_1/.Xil/Vivado-19072-XtraPS/realtime/clk_wiz_0_stub.v:5]
INFO: [Synth 8-6157] synthesizing module 'vga_controller' [C:/Users/Poiku/Documents/ECE385/fnaf/fnaf.srcs/sources_1/imports/design_source/VGA_controller.sv:26]
INFO: [Synth 8-6155] done synthesizing module 'vga_controller' (0#1) [C:/Users/Poiku/Documents/ECE385/fnaf/fnaf.srcs/sources_1/imports/design_source/VGA_controller.sv:26]
WARNING: [Synth 8-7071] port 'sync' of module 'vga_controller' is unconnected for instance 'vga' [C:/Users/Poiku/Documents/ECE385/fnaf/fnaf.srcs/sources_1/new/fnaf_top.sv:86]
WARNING: [Synth 8-7023] instance 'vga' of module 'vga_controller' has 8 connections declared, but only 7 given [C:/Users/Poiku/Documents/ECE385/fnaf/fnaf.srcs/sources_1/new/fnaf_top.sv:86]
INFO: [Synth 8-6157] synthesizing module 'hdmi_tx_0' [C:/Users/Poiku/Documents/ECE385/fnaf/fnaf.runs/synth_1/.Xil/Vivado-19072-XtraPS/realtime/hdmi_tx_0_stub.v:5]
INFO: [Synth 8-6155] done synthesizing module 'hdmi_tx_0' (0#1) [C:/Users/Poiku/Documents/ECE385/fnaf/fnaf.runs/synth_1/.Xil/Vivado-19072-XtraPS/realtime/hdmi_tx_0_stub.v:5]
INFO: [Synth 8-6157] synthesizing module 'color_mapper' [C:/Users/Poiku/Documents/ECE385/fnaf/fnaf.srcs/sources_1/imports/design_source/Color_Mapper.sv:2]
INFO: [Synth 8-6157] synthesizing module 'start_rom' [C:/Users/Poiku/Documents/ECE385/fnaf/fnaf.runs/synth_1/.Xil/Vivado-19072-XtraPS/realtime/start_rom_stub.v:5]
INFO: [Synth 8-6155] done synthesizing module 'start_rom' (0#1) [C:/Users/Poiku/Documents/ECE385/fnaf/fnaf.runs/synth_1/.Xil/Vivado-19072-XtraPS/realtime/start_rom_stub.v:5]
INFO: [Synth 8-6157] synthesizing module 'start_palette' [C:/Users/Poiku/Documents/ECE385/fnaf/fnaf.srcs/sources_1/new/palettes.sv:3]
INFO: [Synth 8-6155] done synthesizing module 'start_palette' (0#1) [C:/Users/Poiku/Documents/ECE385/fnaf/fnaf.srcs/sources_1/new/palettes.sv:3]
INFO: [Synth 8-6157] synthesizing module 'controls' [C:/Users/Poiku/Documents/ECE385/fnaf/fnaf.runs/synth_1/.Xil/Vivado-19072-XtraPS/realtime/controls_stub.v:5]
INFO: [Synth 8-6155] done synthesizing module 'controls' (0#1) [C:/Users/Poiku/Documents/ECE385/fnaf/fnaf.runs/synth_1/.Xil/Vivado-19072-XtraPS/realtime/controls_stub.v:5]
INFO: [Synth 8-6157] synthesizing module 'office' [C:/Users/Poiku/Documents/ECE385/fnaf/fnaf.runs/synth_1/.Xil/Vivado-19072-XtraPS/realtime/office_stub.v:5]
INFO: [Synth 8-6155] done synthesizing module 'office' (0#1) [C:/Users/Poiku/Documents/ECE385/fnaf/fnaf.runs/synth_1/.Xil/Vivado-19072-XtraPS/realtime/office_stub.v:5]
INFO: [Synth 8-6157] synthesizing module 'office_palette' [C:/Users/Poiku/Documents/ECE385/fnaf/fnaf.srcs/sources_1/new/palettes.sv:25]
INFO: [Synth 8-6155] done synthesizing module 'office_palette' (0#1) [C:/Users/Poiku/Documents/ECE385/fnaf/fnaf.srcs/sources_1/new/palettes.sv:25]
INFO: [Synth 8-6157] synthesizing module 'fan' [C:/Users/Poiku/Documents/ECE385/fnaf/fnaf.runs/synth_1/.Xil/Vivado-19072-XtraPS/realtime/fan_stub.v:5]
INFO: [Synth 8-6155] done synthesizing module 'fan' (0#1) [C:/Users/Poiku/Documents/ECE385/fnaf/fnaf.runs/synth_1/.Xil/Vivado-19072-XtraPS/realtime/fan_stub.v:5]
INFO: [Synth 8-6157] synthesizing module 'fan_palette' [C:/Users/Poiku/Documents/ECE385/fnaf/fnaf.srcs/sources_1/new/palettes.sv:54]
INFO: [Synth 8-6155] done synthesizing module 'fan_palette' (0#1) [C:/Users/Poiku/Documents/ECE385/fnaf/fnaf.srcs/sources_1/new/palettes.sv:54]
INFO: [Synth 8-6157] synthesizing module 'door' [C:/Users/Poiku/Documents/ECE385/fnaf/fnaf.runs/synth_1/.Xil/Vivado-19072-XtraPS/realtime/door_stub.v:5]
INFO: [Synth 8-6155] done synthesizing module 'door' (0#1) [C:/Users/Poiku/Documents/ECE385/fnaf/fnaf.runs/synth_1/.Xil/Vivado-19072-XtraPS/realtime/door_stub.v:5]
INFO: [Synth 8-6157] synthesizing module 'door_palette' [C:/Users/Poiku/Documents/ECE385/fnaf/fnaf.srcs/sources_1/new/palettes.sv:71]
INFO: [Synth 8-6155] done synthesizing module 'door_palette' (0#1) [C:/Users/Poiku/Documents/ECE385/fnaf/fnaf.srcs/sources_1/new/palettes.sv:71]
INFO: [Synth 8-6157] synthesizing module 'cams' [C:/Users/Poiku/Documents/ECE385/fnaf/fnaf.runs/synth_1/.Xil/Vivado-19072-XtraPS/realtime/cams_stub.v:5]
INFO: [Synth 8-6155] done synthesizing module 'cams' (0#1) [C:/Users/Poiku/Documents/ECE385/fnaf/fnaf.runs/synth_1/.Xil/Vivado-19072-XtraPS/realtime/cams_stub.v:5]
INFO: [Synth 8-6157] synthesizing module 'cams_palette' [C:/Users/Poiku/Documents/ECE385/fnaf/fnaf.srcs/sources_1/new/palettes.sv:100]
INFO: [Synth 8-6155] done synthesizing module 'cams_palette' (0#1) [C:/Users/Poiku/Documents/ECE385/fnaf/fnaf.srcs/sources_1/new/palettes.sv:100]
INFO: [Synth 8-6157] synthesizing module 'camani' [C:/Users/Poiku/Documents/ECE385/fnaf/fnaf.runs/synth_1/.Xil/Vivado-19072-XtraPS/realtime/camani_stub.v:5]
INFO: [Synth 8-6155] done synthesizing module 'camani' (0#1) [C:/Users/Poiku/Documents/ECE385/fnaf/fnaf.runs/synth_1/.Xil/Vivado-19072-XtraPS/realtime/camani_stub.v:5]
INFO: [Synth 8-6157] synthesizing module 'camani_palette' [C:/Users/Poiku/Documents/ECE385/fnaf/fnaf.srcs/sources_1/new/palettes.sv:120]
INFO: [Synth 8-6155] done synthesizing module 'camani_palette' (0#1) [C:/Users/Poiku/Documents/ECE385/fnaf/fnaf.srcs/sources_1/new/palettes.sv:120]
INFO: [Synth 8-6157] synthesizing module 'nums' [C:/Users/Poiku/Documents/ECE385/fnaf/fnaf.runs/synth_1/.Xil/Vivado-19072-XtraPS/realtime/nums_stub.v:5]
INFO: [Synth 8-6155] done synthesizing module 'nums' (0#1) [C:/Users/Poiku/Documents/ECE385/fnaf/fnaf.runs/synth_1/.Xil/Vivado-19072-XtraPS/realtime/nums_stub.v:5]
INFO: [Synth 8-6157] synthesizing module 'times' [C:/Users/Poiku/Documents/ECE385/fnaf/fnaf.runs/synth_1/.Xil/Vivado-19072-XtraPS/realtime/times_stub.v:5]
INFO: [Synth 8-6155] done synthesizing module 'times' (0#1) [C:/Users/Poiku/Documents/ECE385/fnaf/fnaf.runs/synth_1/.Xil/Vivado-19072-XtraPS/realtime/times_stub.v:5]
WARNING: [Synth 8-689] width (1) of port connection 'douta' does not match port width (2) of module 'times' [C:/Users/Poiku/Documents/ECE385/fnaf/fnaf.srcs/sources_1/imports/design_source/Color_Mapper.sv:744]
INFO: [Synth 8-6157] synthesizing module 'batt' [C:/Users/Poiku/Documents/ECE385/fnaf/fnaf.runs/synth_1/.Xil/Vivado-19072-XtraPS/realtime/batt_stub.v:5]
INFO: [Synth 8-6155] done synthesizing module 'batt' (0#1) [C:/Users/Poiku/Documents/ECE385/fnaf/fnaf.runs/synth_1/.Xil/Vivado-19072-XtraPS/realtime/batt_stub.v:5]
INFO: [Synth 8-6157] synthesizing module 'batt_palette' [C:/Users/Poiku/Documents/ECE385/fnaf/fnaf.srcs/sources_1/new/palettes.sv:137]
INFO: [Synth 8-6155] done synthesizing module 'batt_palette' (0#1) [C:/Users/Poiku/Documents/ECE385/fnaf/fnaf.srcs/sources_1/new/palettes.sv:137]
INFO: [Synth 8-6157] synthesizing module 'lab' [C:/Users/Poiku/Documents/ECE385/fnaf/fnaf.runs/synth_1/.Xil/Vivado-19072-XtraPS/realtime/lab_stub.v:5]
INFO: [Synth 8-6155] done synthesizing module 'lab' (0#1) [C:/Users/Poiku/Documents/ECE385/fnaf/fnaf.runs/synth_1/.Xil/Vivado-19072-XtraPS/realtime/lab_stub.v:5]
INFO: [Synth 8-6157] synthesizing module 'lab_palette' [C:/Users/Poiku/Documents/ECE385/fnaf/fnaf.srcs/sources_1/new/palettes.sv:153]
INFO: [Synth 8-6155] done synthesizing module 'lab_palette' (0#1) [C:/Users/Poiku/Documents/ECE385/fnaf/fnaf.srcs/sources_1/new/palettes.sv:153]
INFO: [Synth 8-6157] synthesizing module 'gatejump' [C:/Users/Poiku/Documents/ECE385/fnaf/fnaf.runs/synth_1/.Xil/Vivado-19072-XtraPS/realtime/gatejump_stub.v:5]
INFO: [Synth 8-6155] done synthesizing module 'gatejump' (0#1) [C:/Users/Poiku/Documents/ECE385/fnaf/fnaf.runs/synth_1/.Xil/Vivado-19072-XtraPS/realtime/gatejump_stub.v:5]
INFO: [Synth 8-6157] synthesizing module 'gatejump_palette' [C:/Users/Poiku/Documents/ECE385/fnaf/fnaf.srcs/sources_1/new/palettes.sv:252]
INFO: [Synth 8-6155] done synthesizing module 'gatejump_palette' (0#1) [C:/Users/Poiku/Documents/ECE385/fnaf/fnaf.srcs/sources_1/new/palettes.sv:252]
INFO: [Synth 8-6157] synthesizing module 'gates' [C:/Users/Poiku/Documents/ECE385/fnaf/fnaf.runs/synth_1/.Xil/Vivado-19072-XtraPS/realtime/gates_stub.v:5]
INFO: [Synth 8-6155] done synthesizing module 'gates' (0#1) [C:/Users/Poiku/Documents/ECE385/fnaf/fnaf.runs/synth_1/.Xil/Vivado-19072-XtraPS/realtime/gates_stub.v:5]
INFO: [Synth 8-6157] synthesizing module 'gates_palette' [C:/Users/Poiku/Documents/ECE385/fnaf/fnaf.srcs/sources_1/new/palettes.sv:194]
INFO: [Synth 8-6155] done synthesizing module 'gates_palette' (0#1) [C:/Users/Poiku/Documents/ECE385/fnaf/fnaf.srcs/sources_1/new/palettes.sv:194]
INFO: [Synth 8-6157] synthesizing module 'zuofuevil' [C:/Users/Poiku/Documents/ECE385/fnaf/fnaf.runs/synth_1/.Xil/Vivado-19072-XtraPS/realtime/zuofuevil_stub.v:5]
INFO: [Synth 8-6155] done synthesizing module 'zuofuevil' (0#1) [C:/Users/Poiku/Documents/ECE385/fnaf/fnaf.runs/synth_1/.Xil/Vivado-19072-XtraPS/realtime/zuofuevil_stub.v:5]
INFO: [Synth 8-6157] synthesizing module 'zuofuevil_palette' [C:/Users/Poiku/Documents/ECE385/fnaf/fnaf.srcs/sources_1/new/palettes.sv:232]
INFO: [Synth 8-6155] done synthesizing module 'zuofuevil_palette' (0#1) [C:/Users/Poiku/Documents/ECE385/fnaf/fnaf.srcs/sources_1/new/palettes.sv:232]
INFO: [Synth 8-6157] synthesizing module 'zuofudoor' [C:/Users/Poiku/Documents/ECE385/fnaf/fnaf.runs/synth_1/.Xil/Vivado-19072-XtraPS/realtime/zuofudoor_stub.v:5]
INFO: [Synth 8-6155] done synthesizing module 'zuofudoor' (0#1) [C:/Users/Poiku/Documents/ECE385/fnaf/fnaf.runs/synth_1/.Xil/Vivado-19072-XtraPS/realtime/zuofudoor_stub.v:5]
INFO: [Synth 8-6157] synthesizing module 'zuofudoor_palette' [C:/Users/Poiku/Documents/ECE385/fnaf/fnaf.srcs/sources_1/new/palettes.sv:210]
INFO: [Synth 8-6155] done synthesizing module 'zuofudoor_palette' (0#1) [C:/Users/Poiku/Documents/ECE385/fnaf/fnaf.srcs/sources_1/new/palettes.sv:210]
INFO: [Synth 8-6157] synthesizing module 'win' [C:/Users/Poiku/Documents/ECE385/fnaf/fnaf.runs/synth_1/.Xil/Vivado-19072-XtraPS/realtime/win_stub.v:5]
INFO: [Synth 8-6155] done synthesizing module 'win' (0#1) [C:/Users/Poiku/Documents/ECE385/fnaf/fnaf.runs/synth_1/.Xil/Vivado-19072-XtraPS/realtime/win_stub.v:5]
INFO: [Synth 8-6157] synthesizing module 'winlose_palette' [C:/Users/Poiku/Documents/ECE385/fnaf/fnaf.srcs/sources_1/new/palettes.sv:175]
INFO: [Synth 8-6155] done synthesizing module 'winlose_palette' (0#1) [C:/Users/Poiku/Documents/ECE385/fnaf/fnaf.srcs/sources_1/new/palettes.sv:175]
INFO: [Synth 8-6157] synthesizing module 'lose' [C:/Users/Poiku/Documents/ECE385/fnaf/fnaf.runs/synth_1/.Xil/Vivado-19072-XtraPS/realtime/lose_stub.v:5]
INFO: [Synth 8-6155] done synthesizing module 'lose' (0#1) [C:/Users/Poiku/Documents/ECE385/fnaf/fnaf.runs/synth_1/.Xil/Vivado-19072-XtraPS/realtime/lose_stub.v:5]
INFO: [Synth 8-6155] done synthesizing module 'color_mapper' (0#1) [C:/Users/Poiku/Documents/ECE385/fnaf/fnaf.srcs/sources_1/imports/design_source/Color_Mapper.sv:2]
INFO: [Synth 8-6155] done synthesizing module 'mb_usb_hdmi_top' (0#1) [C:/Users/Poiku/Documents/ECE385/fnaf/fnaf.srcs/sources_1/new/fnaf_top.sv:2]
WARNING: [Synth 8-87] always_comb on 'nums_addr_reg' did not result in combinational logic [C:/Users/Poiku/Documents/ECE385/fnaf/fnaf.srcs/sources_1/imports/design_source/Color_Mapper.sv:426]
WARNING: [Synth 8-87] always_comb on 'batt_addr_reg' did not result in combinational logic [C:/Users/Poiku/Documents/ECE385/fnaf/fnaf.srcs/sources_1/imports/design_source/Color_Mapper.sv:477]
WARNING: [Synth 8-87] always_comb on 'times_addr_reg' did not result in combinational logic [C:/Users/Poiku/Documents/ECE385/fnaf/fnaf.srcs/sources_1/imports/design_source/Color_Mapper.sv:489]
WARNING: [Synth 8-7129] Port switch[10] in module color_mapper is either unconnected or has no load
WARNING: [Synth 8-7129] Port switch[9] in module color_mapper is either unconnected or has no load
WARNING: [Synth 8-7129] Port switch[8] in module color_mapper is either unconnected or has no load
WARNING: [Synth 8-7129] Port switch[7] in module color_mapper is either unconnected or has no load
WARNING: [Synth 8-7129] Port switch[6] in module color_mapper is either unconnected or has no load
WARNING: [Synth 8-7129] Port switch[5] in module color_mapper is either unconnected or has no load
WARNING: [Synth 8-7129] Port switch[4] in module color_mapper is either unconnected or has no load
WARNING: [Synth 8-7129] Port switch[3] in module color_mapper is either unconnected or has no load
WARNING: [Synth 8-7129] Port switch[2] in module color_mapper is either unconnected or has no load
WARNING: [Synth 8-7129] Port keycode[31] in module color_mapper is either unconnected or has no load
WARNING: [Synth 8-7129] Port keycode[30] in module color_mapper is either unconnected or has no load
WARNING: [Synth 8-7129] Port keycode[29] in module color_mapper is either unconnected or has no load
WARNING: [Synth 8-7129] Port keycode[28] in module color_mapper is either unconnected or has no load
WARNING: [Synth 8-7129] Port keycode[27] in module color_mapper is either unconnected or has no load
WARNING: [Synth 8-7129] Port keycode[26] in module color_mapper is either unconnected or has no load
WARNING: [Synth 8-7129] Port keycode[25] in module color_mapper is either unconnected or has no load
WARNING: [Synth 8-7129] Port keycode[24] in module color_mapper is either unconnected or has no load
WARNING: [Synth 8-7129] Port keycode[23] in module color_mapper is either unconnected or has no load
WARNING: [Synth 8-7129] Port keycode[22] in module color_mapper is either unconnected or has no load
WARNING: [Synth 8-7129] Port keycode[21] in module color_mapper is either unconnected or has no load
WARNING: [Synth 8-7129] Port keycode[20] in module color_mapper is either unconnected or has no load
WARNING: [Synth 8-7129] Port keycode[19] in module color_mapper is either unconnected or has no load
WARNING: [Synth 8-7129] Port keycode[18] in module color_mapper is either unconnected or has no load
WARNING: [Synth 8-7129] Port keycode[17] in module color_mapper is either unconnected or has no load
WARNING: [Synth 8-7129] Port keycode[16] in module color_mapper is either unconnected or has no load
WARNING: [Synth 8-7129] Port keycode[15] in module color_mapper is either unconnected or has no load
WARNING: [Synth 8-7129] Port keycode[14] in module color_mapper is either unconnected or has no load
WARNING: [Synth 8-7129] Port keycode[13] in module color_mapper is either unconnected or has no load
WARNING: [Synth 8-7129] Port keycode[12] in module color_mapper is either unconnected or has no load
WARNING: [Synth 8-7129] Port keycode[11] in module color_mapper is either unconnected or has no load
WARNING: [Synth 8-7129] Port keycode[10] in module color_mapper is either unconnected or has no load
WARNING: [Synth 8-7129] Port keycode[9] in module color_mapper is either unconnected or has no load
WARNING: [Synth 8-7129] Port keycode[8] in module color_mapper is either unconnected or has no load
WARNING: [Synth 8-7129] Port In4[0] in module xlconcat_v2_1_4_xlconcat is either unconnected or has no load
WARNING: [Synth 8-7129] Port In5[0] in module xlconcat_v2_1_4_xlconcat is either unconnected or has no load
WARNING: [Synth 8-7129] Port In6[0] in module xlconcat_v2_1_4_xlconcat is either unconnected or has no load
WARNING: [Synth 8-7129] Port In7[0] in module xlconcat_v2_1_4_xlconcat is either unconnected or has no load
WARNING: [Synth 8-7129] Port In8[0] in module xlconcat_v2_1_4_xlconcat is either unconnected or has no load
WARNING: [Synth 8-7129] Port In9[0] in module xlconcat_v2_1_4_xlconcat is either unconnected or has no load
WARNING: [Synth 8-7129] Port In10[0] in module xlconcat_v2_1_4_xlconcat is either unconnected or has no load
WARNING: [Synth 8-7129] Port In11[0] in module xlconcat_v2_1_4_xlconcat is either unconnected or has no load
WARNING: [Synth 8-7129] Port In12[0] in module xlconcat_v2_1_4_xlconcat is either unconnected or has no load
WARNING: [Synth 8-7129] Port In13[0] in module xlconcat_v2_1_4_xlconcat is either unconnected or has no load
WARNING: [Synth 8-7129] Port In14[0] in module xlconcat_v2_1_4_xlconcat is either unconnected or has no load
WARNING: [Synth 8-7129] Port In15[0] in module xlconcat_v2_1_4_xlconcat is either unconnected or has no load
WARNING: [Synth 8-7129] Port In16[0] in module xlconcat_v2_1_4_xlconcat is either unconnected or has no load
WARNING: [Synth 8-7129] Port In17[0] in module xlconcat_v2_1_4_xlconcat is either unconnected or has no load
WARNING: [Synth 8-7129] Port In18[0] in module xlconcat_v2_1_4_xlconcat is either unconnected or has no load
WARNING: [Synth 8-7129] Port In19[0] in module xlconcat_v2_1_4_xlconcat is either unconnected or has no load
WARNING: [Synth 8-7129] Port In20[0] in module xlconcat_v2_1_4_xlconcat is either unconnected or has no load
WARNING: [Synth 8-7129] Port In21[0] in module xlconcat_v2_1_4_xlconcat is either unconnected or has no load
WARNING: [Synth 8-7129] Port In22[0] in module xlconcat_v2_1_4_xlconcat is either unconnected or has no load
WARNING: [Synth 8-7129] Port In23[0] in module xlconcat_v2_1_4_xlconcat is either unconnected or has no load
WARNING: [Synth 8-7129] Port In24[0] in module xlconcat_v2_1_4_xlconcat is either unconnected or has no load
WARNING: [Synth 8-7129] Port In25[0] in module xlconcat_v2_1_4_xlconcat is either unconnected or has no load
WARNING: [Synth 8-7129] Port In26[0] in module xlconcat_v2_1_4_xlconcat is either unconnected or has no load
WARNING: [Synth 8-7129] Port In27[0] in module xlconcat_v2_1_4_xlconcat is either unconnected or has no load
WARNING: [Synth 8-7129] Port In28[0] in module xlconcat_v2_1_4_xlconcat is either unconnected or has no load
WARNING: [Synth 8-7129] Port In29[0] in module xlconcat_v2_1_4_xlconcat is either unconnected or has no load
WARNING: [Synth 8-7129] Port In30[0] in module xlconcat_v2_1_4_xlconcat is either unconnected or has no load
WARNING: [Synth 8-7129] Port In31[0] in module xlconcat_v2_1_4_xlconcat is either unconnected or has no load
WARNING: [Synth 8-7129] Port In32[0] in module xlconcat_v2_1_4_xlconcat is either unconnected or has no load
WARNING: [Synth 8-7129] Port In33[0] in module xlconcat_v2_1_4_xlconcat is either unconnected or has no load
WARNING: [Synth 8-7129] Port In34[0] in module xlconcat_v2_1_4_xlconcat is either unconnected or has no load
WARNING: [Synth 8-7129] Port In35[0] in module xlconcat_v2_1_4_xlconcat is either unconnected or has no load
WARNING: [Synth 8-7129] Port In36[0] in module xlconcat_v2_1_4_xlconcat is either unconnected or has no load
WARNING: [Synth 8-7129] Port In37[0] in module xlconcat_v2_1_4_xlconcat is either unconnected or has no load
WARNING: [Synth 8-7129] Port In38[0] in module xlconcat_v2_1_4_xlconcat is either unconnected or has no load
WARNING: [Synth 8-7129] Port In39[0] in module xlconcat_v2_1_4_xlconcat is either unconnected or has no load
WARNING: [Synth 8-7129] Port In40[0] in module xlconcat_v2_1_4_xlconcat is either unconnected or has no load
WARNING: [Synth 8-7129] Port In41[0] in module xlconcat_v2_1_4_xlconcat is either unconnected or has no load
WARNING: [Synth 8-7129] Port In42[0] in module xlconcat_v2_1_4_xlconcat is either unconnected or has no load
WARNING: [Synth 8-7129] Port In43[0] in module xlconcat_v2_1_4_xlconcat is either unconnected or has no load
WARNING: [Synth 8-7129] Port In44[0] in module xlconcat_v2_1_4_xlconcat is either unconnected or has no load
WARNING: [Synth 8-7129] Port In45[0] in module xlconcat_v2_1_4_xlconcat is either unconnected or has no load
WARNING: [Synth 8-7129] Port In46[0] in module xlconcat_v2_1_4_xlconcat is either unconnected or has no load
WARNING: [Synth 8-7129] Port In47[0] in module xlconcat_v2_1_4_xlconcat is either unconnected or has no load
WARNING: [Synth 8-7129] Port In48[0] in module xlconcat_v2_1_4_xlconcat is either unconnected or has no load
WARNING: [Synth 8-7129] Port In49[0] in module xlconcat_v2_1_4_xlconcat is either unconnected or has no load
WARNING: [Synth 8-7129] Port In50[0] in module xlconcat_v2_1_4_xlconcat is either unconnected or has no load
WARNING: [Synth 8-7129] Port In51[0] in module xlconcat_v2_1_4_xlconcat is either unconnected or has no load
WARNING: [Synth 8-7129] Port In52[0] in module xlconcat_v2_1_4_xlconcat is either unconnected or has no load
WARNING: [Synth 8-7129] Port In53[0] in module xlconcat_v2_1_4_xlconcat is either unconnected or has no load
WARNING: [Synth 8-7129] Port In54[0] in module xlconcat_v2_1_4_xlconcat is either unconnected or has no load
WARNING: [Synth 8-7129] Port In55[0] in module xlconcat_v2_1_4_xlconcat is either unconnected or has no load
WARNING: [Synth 8-7129] Port In56[0] in module xlconcat_v2_1_4_xlconcat is either unconnected or has no load
WARNING: [Synth 8-7129] Port In57[0] in module xlconcat_v2_1_4_xlconcat is either unconnected or has no load
WARNING: [Synth 8-7129] Port In58[0] in module xlconcat_v2_1_4_xlconcat is either unconnected or has no load
WARNING: [Synth 8-7129] Port In59[0] in module xlconcat_v2_1_4_xlconcat is either unconnected or has no load
WARNING: [Synth 8-7129] Port In60[0] in module xlconcat_v2_1_4_xlconcat is either unconnected or has no load
WARNING: [Synth 8-7129] Port In61[0] in module xlconcat_v2_1_4_xlconcat is either unconnected or has no load
WARNING: [Synth 8-7129] Port In62[0] in module xlconcat_v2_1_4_xlconcat is either unconnected or has no load
WARNING: [Synth 8-7129] Port In63[0] in module xlconcat_v2_1_4_xlconcat is either unconnected or has no load
WARNING: [Synth 8-7129] Port In64[0] in module xlconcat_v2_1_4_xlconcat is either unconnected or has no load
WARNING: [Synth 8-7129] Port In65[0] in module xlconcat_v2_1_4_xlconcat is either unconnected or has no load
WARNING: [Synth 8-7129] Port In66[0] in module xlconcat_v2_1_4_xlconcat is either unconnected or has no load
WARNING: [Synth 8-7129] Port In67[0] in module xlconcat_v2_1_4_xlconcat is either unconnected or has no load
WARNING: [Synth 8-7129] Port In68[0] in module xlconcat_v2_1_4_xlconcat is either unconnected or has no load
WARNING: [Synth 8-7129] Port In69[0] in module xlconcat_v2_1_4_xlconcat is either unconnected or has no load
WARNING: [Synth 8-7129] Port In70[0] in module xlconcat_v2_1_4_xlconcat is either unconnected or has no load
INFO: [Common 17-14] Message 'Synth 8-7129' appears 100 times and further instances of the messages will be disabled. Use the Tcl command set_msg_config to change the current settings.
---------------------------------------------------------------------------------
Finished RTL Elaboration : Time (s): cpu = 00:00:02 ; elapsed = 00:00:07 . Memory (MB): peak = 1345.273 ; gain = 529.797
---------------------------------------------------------------------------------
---------------------------------------------------------------------------------
Start Handling Custom Attributes
---------------------------------------------------------------------------------
---------------------------------------------------------------------------------
Finished Handling Custom Attributes : Time (s): cpu = 00:00:02 ; elapsed = 00:00:07 . Memory (MB): peak = 1345.273 ; gain = 529.797
---------------------------------------------------------------------------------
---------------------------------------------------------------------------------
Finished RTL Optimization Phase 1 : Time (s): cpu = 00:00:02 ; elapsed = 00:00:07 . Memory (MB): peak = 1345.273 ; gain = 529.797
---------------------------------------------------------------------------------
Netlist sorting complete. Time (s): cpu = 00:00:00 ; elapsed = 00:00:00.049 . Memory (MB): peak = 1345.273 ; gain = 0.000
INFO: [Project 1-570] Preparing netlist for logic optimization

Processing XDC Constraints
Initializing timing engine
Parsing XDC File [c:/Users/Poiku/Documents/ECE385/fnaf/fnaf.gen/sources_1/bd/mb_fnaf/ip/mb_fnaf_microblaze_0_0/mb_fnaf_microblaze_0_0/mb_fnaf_microblaze_0_0_in_context.xdc] for cell 'mb_fnaf/microblaze_0'
Finished Parsing XDC File [c:/Users/Poiku/Documents/ECE385/fnaf/fnaf.gen/sources_1/bd/mb_fnaf/ip/mb_fnaf_microblaze_0_0/mb_fnaf_microblaze_0_0/mb_fnaf_microblaze_0_0_in_context.xdc] for cell 'mb_fnaf/microblaze_0'
Parsing XDC File [c:/Users/Poiku/Documents/ECE385/fnaf/fnaf.gen/sources_1/bd/mb_fnaf/ip/mb_fnaf_dlmb_v10_0/mb_fnaf_dlmb_v10_0/mb_fnaf_ilmb_v10_0_in_context.xdc] for cell 'mb_fnaf/microblaze_0_local_memory/dlmb_v10'
Finished Parsing XDC File [c:/Users/Poiku/Documents/ECE385/fnaf/fnaf.gen/sources_1/bd/mb_fnaf/ip/mb_fnaf_dlmb_v10_0/mb_fnaf_dlmb_v10_0/mb_fnaf_ilmb_v10_0_in_context.xdc] for cell 'mb_fnaf/microblaze_0_local_memory/dlmb_v10'
Parsing XDC File [c:/Users/Poiku/Documents/ECE385/fnaf/fnaf.gen/sources_1/bd/mb_fnaf/ip/mb_fnaf_ilmb_v10_0/mb_fnaf_ilmb_v10_0/mb_fnaf_ilmb_v10_0_in_context.xdc] for cell 'mb_fnaf/microblaze_0_local_memory/ilmb_v10'
Finished Parsing XDC File [c:/Users/Poiku/Documents/ECE385/fnaf/fnaf.gen/sources_1/bd/mb_fnaf/ip/mb_fnaf_ilmb_v10_0/mb_fnaf_ilmb_v10_0/mb_fnaf_ilmb_v10_0_in_context.xdc] for cell 'mb_fnaf/microblaze_0_local_memory/ilmb_v10'
Parsing XDC File [c:/Users/Poiku/Documents/ECE385/fnaf/fnaf.gen/sources_1/bd/mb_fnaf/ip/mb_fnaf_dlmb_bram_if_cntlr_0/mb_fnaf_dlmb_bram_if_cntlr_0/mb_fnaf_dlmb_bram_if_cntlr_0_in_context.xdc] for cell 'mb_fnaf/microblaze_0_local_memory/dlmb_bram_if_cntlr'
Finished Parsing XDC File [c:/Users/Poiku/Documents/ECE385/fnaf/fnaf.gen/sources_1/bd/mb_fnaf/ip/mb_fnaf_dlmb_bram_if_cntlr_0/mb_fnaf_dlmb_bram_if_cntlr_0/mb_fnaf_dlmb_bram_if_cntlr_0_in_context.xdc] for cell 'mb_fnaf/microblaze_0_local_memory/dlmb_bram_if_cntlr'
Parsing XDC File [c:/Users/Poiku/Documents/ECE385/fnaf/fnaf.gen/sources_1/bd/mb_fnaf/ip/mb_fnaf_ilmb_bram_if_cntlr_0/mb_fnaf_ilmb_bram_if_cntlr_0/mb_fnaf_ilmb_bram_if_cntlr_0_in_context.xdc] for cell 'mb_fnaf/microblaze_0_local_memory/ilmb_bram_if_cntlr'
Finished Parsing XDC File [c:/Users/Poiku/Documents/ECE385/fnaf/fnaf.gen/sources_1/bd/mb_fnaf/ip/mb_fnaf_ilmb_bram_if_cntlr_0/mb_fnaf_ilmb_bram_if_cntlr_0/mb_fnaf_ilmb_bram_if_cntlr_0_in_context.xdc] for cell 'mb_fnaf/microblaze_0_local_memory/ilmb_bram_if_cntlr'
Parsing XDC File [c:/Users/Poiku/Documents/ECE385/fnaf/fnaf.gen/sources_1/bd/mb_fnaf/ip/mb_fnaf_lmb_bram_0/mb_fnaf_lmb_bram_0/mb_fnaf_lmb_bram_0_in_context.xdc] for cell 'mb_fnaf/microblaze_0_local_memory/lmb_bram'
Finished Parsing XDC File [c:/Users/Poiku/Documents/ECE385/fnaf/fnaf.gen/sources_1/bd/mb_fnaf/ip/mb_fnaf_lmb_bram_0/mb_fnaf_lmb_bram_0/mb_fnaf_lmb_bram_0_in_context.xdc] for cell 'mb_fnaf/microblaze_0_local_memory/lmb_bram'
Parsing XDC File [c:/Users/Poiku/Documents/ECE385/fnaf/fnaf.gen/sources_1/bd/mb_fnaf/ip/mb_fnaf_xbar_0/mb_fnaf_xbar_0/mb_fnaf_xbar_0_in_context.xdc] for cell 'mb_fnaf/microblaze_0_axi_periph/xbar'
Finished Parsing XDC File [c:/Users/Poiku/Documents/ECE385/fnaf/fnaf.gen/sources_1/bd/mb_fnaf/ip/mb_fnaf_xbar_0/mb_fnaf_xbar_0/mb_fnaf_xbar_0_in_context.xdc] for cell 'mb_fnaf/microblaze_0_axi_periph/xbar'
Parsing XDC File [c:/Users/Poiku/Documents/ECE385/fnaf/fnaf.gen/sources_1/bd/mb_fnaf/ip/mb_fnaf_microblaze_0_axi_intc_0/mb_fnaf_microblaze_0_axi_intc_0/mb_fnaf_microblaze_0_axi_intc_0_in_context.xdc] for cell 'mb_fnaf/microblaze_0_axi_intc'
Finished Parsing XDC File [c:/Users/Poiku/Documents/ECE385/fnaf/fnaf.gen/sources_1/bd/mb_fnaf/ip/mb_fnaf_microblaze_0_axi_intc_0/mb_fnaf_microblaze_0_axi_intc_0/mb_fnaf_microblaze_0_axi_intc_0_in_context.xdc] for cell 'mb_fnaf/microblaze_0_axi_intc'
Parsing XDC File [c:/Users/Poiku/Documents/ECE385/fnaf/fnaf.gen/sources_1/bd/mb_fnaf/ip/mb_fnaf_mdm_1_0/mb_fnaf_mdm_1_0/mb_fnaf_mdm_1_0_in_context.xdc] for cell 'mb_fnaf/mdm_1'
Finished Parsing XDC File [c:/Users/Poiku/Documents/ECE385/fnaf/fnaf.gen/sources_1/bd/mb_fnaf/ip/mb_fnaf_mdm_1_0/mb_fnaf_mdm_1_0/mb_fnaf_mdm_1_0_in_context.xdc] for cell 'mb_fnaf/mdm_1'
Parsing XDC File [c:/Users/Poiku/Documents/ECE385/fnaf/fnaf.gen/sources_1/bd/mb_fnaf/ip/mb_fnaf_clk_wiz_1_0/mb_fnaf_clk_wiz_1_0/mb_fnaf_clk_wiz_1_0_in_context.xdc] for cell 'mb_fnaf/clk_wiz_1'
Finished Parsing XDC File [c:/Users/Poiku/Documents/ECE385/fnaf/fnaf.gen/sources_1/bd/mb_fnaf/ip/mb_fnaf_clk_wiz_1_0/mb_fnaf_clk_wiz_1_0/mb_fnaf_clk_wiz_1_0_in_context.xdc] for cell 'mb_fnaf/clk_wiz_1'
Parsing XDC File [c:/Users/Poiku/Documents/ECE385/fnaf/fnaf.gen/sources_1/bd/mb_fnaf/ip/mb_fnaf_rst_clk_wiz_1_100M_0/mb_fnaf_rst_clk_wiz_1_100M_0/mb_fnaf_rst_clk_wiz_1_100M_0_in_context.xdc] for cell 'mb_fnaf/rst_clk_wiz_1_100M'
Finished Parsing XDC File [c:/Users/Poiku/Documents/ECE385/fnaf/fnaf.gen/sources_1/bd/mb_fnaf/ip/mb_fnaf_rst_clk_wiz_1_100M_0/mb_fnaf_rst_clk_wiz_1_100M_0/mb_fnaf_rst_clk_wiz_1_100M_0_in_context.xdc] for cell 'mb_fnaf/rst_clk_wiz_1_100M'
Parsing XDC File [c:/Users/Poiku/Documents/ECE385/fnaf/fnaf.gen/sources_1/bd/mb_fnaf/ip/mb_fnaf_axi_uartlite_0_0/mb_fnaf_axi_uartlite_0_0/mb_fnaf_axi_uartlite_0_0_in_context.xdc] for cell 'mb_fnaf/axi_uartlite_0'
Finished Parsing XDC File [c:/Users/Poiku/Documents/ECE385/fnaf/fnaf.gen/sources_1/bd/mb_fnaf/ip/mb_fnaf_axi_uartlite_0_0/mb_fnaf_axi_uartlite_0_0/mb_fnaf_axi_uartlite_0_0_in_context.xdc] for cell 'mb_fnaf/axi_uartlite_0'
Parsing XDC File [c:/Users/Poiku/Documents/ECE385/fnaf/fnaf.gen/sources_1/bd/mb_fnaf/ip/mb_fnaf_axi_gpio_0_0/mb_fnaf_axi_gpio_0_0/mb_fnaf_axi_gpio_0_0_in_context.xdc] for cell 'mb_fnaf/gpio_usb_rst'
Finished Parsing XDC File [c:/Users/Poiku/Documents/ECE385/fnaf/fnaf.gen/sources_1/bd/mb_fnaf/ip/mb_fnaf_axi_gpio_0_0/mb_fnaf_axi_gpio_0_0/mb_fnaf_axi_gpio_0_0_in_context.xdc] for cell 'mb_fnaf/gpio_usb_rst'
Parsing XDC File [c:/Users/Poiku/Documents/ECE385/fnaf/fnaf.gen/sources_1/bd/mb_fnaf/ip/mb_fnaf_axi_gpio_0_1/mb_fnaf_axi_gpio_0_1/mb_fnaf_axi_gpio_0_1_in_context.xdc] for cell 'mb_fnaf/gpio_usb_int'
Finished Parsing XDC File [c:/Users/Poiku/Documents/ECE385/fnaf/fnaf.gen/sources_1/bd/mb_fnaf/ip/mb_fnaf_axi_gpio_0_1/mb_fnaf_axi_gpio_0_1/mb_fnaf_axi_gpio_0_1_in_context.xdc] for cell 'mb_fnaf/gpio_usb_int'
Parsing XDC File [c:/Users/Poiku/Documents/ECE385/fnaf/fnaf.gen/sources_1/bd/mb_fnaf/ip/mb_fnaf_axi_gpio_0_2/mb_fnaf_axi_gpio_0_2/mb_fnaf_axi_gpio_0_2_in_context.xdc] for cell 'mb_fnaf/gpio_usb_keycode'
Finished Parsing XDC File [c:/Users/Poiku/Documents/ECE385/fnaf/fnaf.gen/sources_1/bd/mb_fnaf/ip/mb_fnaf_axi_gpio_0_2/mb_fnaf_axi_gpio_0_2/mb_fnaf_axi_gpio_0_2_in_context.xdc] for cell 'mb_fnaf/gpio_usb_keycode'
Parsing XDC File [c:/Users/Poiku/Documents/ECE385/fnaf/fnaf.gen/sources_1/bd/mb_fnaf/ip/mb_fnaf_axi_timer_0_0/mb_fnaf_axi_timer_0_0/mb_fnaf_axi_timer_0_0_in_context.xdc] for cell 'mb_fnaf/timer_usb_axi'
Finished Parsing XDC File [c:/Users/Poiku/Documents/ECE385/fnaf/fnaf.gen/sources_1/bd/mb_fnaf/ip/mb_fnaf_axi_timer_0_0/mb_fnaf_axi_timer_0_0/mb_fnaf_axi_timer_0_0_in_context.xdc] for cell 'mb_fnaf/timer_usb_axi'
Parsing XDC File [c:/Users/Poiku/Documents/ECE385/fnaf/fnaf.gen/sources_1/bd/mb_fnaf/ip/mb_fnaf_axi_quad_spi_0_0/mb_fnaf_axi_quad_spi_0_0/mb_fnaf_axi_quad_spi_0_0_in_context.xdc] for cell 'mb_fnaf/spi_usb'
Finished Parsing XDC File [c:/Users/Poiku/Documents/ECE385/fnaf/fnaf.gen/sources_1/bd/mb_fnaf/ip/mb_fnaf_axi_quad_spi_0_0/mb_fnaf_axi_quad_spi_0_0/mb_fnaf_axi_quad_spi_0_0_in_context.xdc] for cell 'mb_fnaf/spi_usb'
Parsing XDC File [c:/Users/Poiku/Documents/ECE385/fnaf/fnaf.gen/sources_1/ip/camani_2/camani/camani_in_context.xdc] for cell 'color_instance/camani'
Finished Parsing XDC File [c:/Users/Poiku/Documents/ECE385/fnaf/fnaf.gen/sources_1/ip/camani_2/camani/camani_in_context.xdc] for cell 'color_instance/camani'
Parsing XDC File [c:/Users/Poiku/Documents/ECE385/fnaf/fnaf.gen/sources_1/ip/office/office/office_in_context.xdc] for cell 'color_instance/office'
Finished Parsing XDC File [c:/Users/Poiku/Documents/ECE385/fnaf/fnaf.gen/sources_1/ip/office/office/office_in_context.xdc] for cell 'color_instance/office'
Parsing XDC File [c:/Users/Poiku/Documents/ECE385/fnaf/fnaf.gen/sources_1/ip/hdmi_tx_0/hdmi_tx_0/hdmi_tx_0_in_context.xdc] for cell 'vga_to_hdmi'
Finished Parsing XDC File [c:/Users/Poiku/Documents/ECE385/fnaf/fnaf.gen/sources_1/ip/hdmi_tx_0/hdmi_tx_0/hdmi_tx_0_in_context.xdc] for cell 'vga_to_hdmi'
Parsing XDC File [c:/Users/Poiku/Documents/ECE385/fnaf/fnaf.gen/sources_1/ip/clk_wiz_0/clk_wiz_0/clk_wiz_0_in_context.xdc] for cell 'clk_wiz'
WARNING: [Constraints 18-619] A clock with name 'Clk' already exists, overwriting the previous clock with the same name. [c:/Users/Poiku/Documents/ECE385/fnaf/fnaf.gen/sources_1/ip/clk_wiz_0/clk_wiz_0/clk_wiz_0_in_context.xdc:1]
Finished Parsing XDC File [c:/Users/Poiku/Documents/ECE385/fnaf/fnaf.gen/sources_1/ip/clk_wiz_0/clk_wiz_0/clk_wiz_0_in_context.xdc] for cell 'clk_wiz'
Parsing XDC File [c:/Users/Poiku/Documents/ECE385/fnaf/fnaf.gen/sources_1/ip/start_rom/start_rom/start_rom_in_context.xdc] for cell 'color_instance/start'
Finished Parsing XDC File [c:/Users/Poiku/Documents/ECE385/fnaf/fnaf.gen/sources_1/ip/start_rom/start_rom/start_rom_in_context.xdc] for cell 'color_instance/start'
Parsing XDC File [c:/Users/Poiku/Documents/ECE385/fnaf/fnaf.gen/sources_1/ip/fan/fan/fan_in_context.xdc] for cell 'color_instance/fan'
Finished Parsing XDC File [c:/Users/Poiku/Documents/ECE385/fnaf/fnaf.gen/sources_1/ip/fan/fan/fan_in_context.xdc] for cell 'color_instance/fan'
Parsing XDC File [c:/Users/Poiku/Documents/ECE385/fnaf/fnaf.gen/sources_1/ip/door/door/door_in_context.xdc] for cell 'color_instance/door'
Finished Parsing XDC File [c:/Users/Poiku/Documents/ECE385/fnaf/fnaf.gen/sources_1/ip/door/door/door_in_context.xdc] for cell 'color_instance/door'
Parsing XDC File [c:/Users/Poiku/Documents/ECE385/fnaf/fnaf.gen/sources_1/ip/cams_1/cams/cams_in_context.xdc] for cell 'color_instance/cams'
Finished Parsing XDC File [c:/Users/Poiku/Documents/ECE385/fnaf/fnaf.gen/sources_1/ip/cams_1/cams/cams_in_context.xdc] for cell 'color_instance/cams'
Parsing XDC File [c:/Users/Poiku/Documents/ECE385/fnaf/fnaf.gen/sources_1/ip/batt/batt/batt_in_context.xdc] for cell 'color_instance/batt'
Finished Parsing XDC File [c:/Users/Poiku/Documents/ECE385/fnaf/fnaf.gen/sources_1/ip/batt/batt/batt_in_context.xdc] for cell 'color_instance/batt'
Parsing XDC File [c:/Users/Poiku/Documents/ECE385/fnaf/fnaf.gen/sources_1/ip/nums/nums/nums_in_context.xdc] for cell 'color_instance/nums'
Finished Parsing XDC File [c:/Users/Poiku/Documents/ECE385/fnaf/fnaf.gen/sources_1/ip/nums/nums/nums_in_context.xdc] for cell 'color_instance/nums'
Parsing XDC File [c:/Users/Poiku/Documents/ECE385/fnaf/fnaf.gen/sources_1/ip/times/times/times_in_context.xdc] for cell 'color_instance/times'
Finished Parsing XDC File [c:/Users/Poiku/Documents/ECE385/fnaf/fnaf.gen/sources_1/ip/times/times/times_in_context.xdc] for cell 'color_instance/times'
Parsing XDC File [c:/Users/Poiku/Documents/ECE385/fnaf/fnaf.gen/sources_1/ip/lab/lab/lab_in_context.xdc] for cell 'color_instance/lab'
Finished Parsing XDC File [c:/Users/Poiku/Documents/ECE385/fnaf/fnaf.gen/sources_1/ip/lab/lab/lab_in_context.xdc] for cell 'color_instance/lab'
Parsing XDC File [c:/Users/Poiku/Documents/ECE385/fnaf/fnaf.gen/sources_1/ip/lose/lose/lose_in_context.xdc] for cell 'color_instance/lose'
Finished Parsing XDC File [c:/Users/Poiku/Documents/ECE385/fnaf/fnaf.gen/sources_1/ip/lose/lose/lose_in_context.xdc] for cell 'color_instance/lose'
Parsing XDC File [c:/Users/Poiku/Documents/ECE385/fnaf/fnaf.gen/sources_1/ip/win/win/win_in_context.xdc] for cell 'color_instance/win'
Finished Parsing XDC File [c:/Users/Poiku/Documents/ECE385/fnaf/fnaf.gen/sources_1/ip/win/win/win_in_context.xdc] for cell 'color_instance/win'
Parsing XDC File [c:/Users/Poiku/Documents/ECE385/fnaf/fnaf.gen/sources_1/ip/gates/gates/gates_in_context.xdc] for cell 'color_instance/gates'
Finished Parsing XDC File [c:/Users/Poiku/Documents/ECE385/fnaf/fnaf.gen/sources_1/ip/gates/gates/gates_in_context.xdc] for cell 'color_instance/gates'
Parsing XDC File [c:/Users/Poiku/Documents/ECE385/fnaf/fnaf.gen/sources_1/ip/zuofudoor/zuofudoor/zuofudoor_in_context.xdc] for cell 'color_instance/zuofudoor'
Finished Parsing XDC File [c:/Users/Poiku/Documents/ECE385/fnaf/fnaf.gen/sources_1/ip/zuofudoor/zuofudoor/zuofudoor_in_context.xdc] for cell 'color_instance/zuofudoor'
Parsing XDC File [c:/Users/Poiku/Documents/ECE385/fnaf/fnaf.gen/sources_1/ip/controls/controls/controls_in_context.xdc] for cell 'color_instance/controls'
Finished Parsing XDC File [c:/Users/Poiku/Documents/ECE385/fnaf/fnaf.gen/sources_1/ip/controls/controls/controls_in_context.xdc] for cell 'color_instance/controls'
Parsing XDC File [c:/Users/Poiku/Documents/ECE385/fnaf/fnaf.gen/sources_1/ip/gatejump/gatejump/gatejump_in_context.xdc] for cell 'color_instance/gatejump'
Finished Parsing XDC File [c:/Users/Poiku/Documents/ECE385/fnaf/fnaf.gen/sources_1/ip/gatejump/gatejump/gatejump_in_context.xdc] for cell 'color_instance/gatejump'
Parsing XDC File [c:/Users/Poiku/Documents/ECE385/fnaf/fnaf.gen/sources_1/ip/zuofuevil/zuofuevil/zuofuevil_in_context.xdc] for cell 'color_instance/zuofuevil'
Finished Parsing XDC File [c:/Users/Poiku/Documents/ECE385/fnaf/fnaf.gen/sources_1/ip/zuofuevil/zuofuevil/zuofuevil_in_context.xdc] for cell 'color_instance/zuofuevil'
Parsing XDC File [C:/Users/Poiku/Documents/ECE385/fnaf/fnaf.srcs/constrs_1/imports/lab7_1_provided_fa24/mb_usb_hdmi_top.xdc]
CRITICAL WARNING: [Constraints 18-1056] Clock 'clk_100' completely overrides clock 'Clk'.
New: create_clock -period 10.000 -name clk_100 -waveform {0.000 5.000} [get_ports Clk], [C:/Users/Poiku/Documents/ECE385/fnaf/fnaf.srcs/constrs_1/imports/lab7_1_provided_fa24/mb_usb_hdmi_top.xdc:1]
Previous: create_clock -period 10.000 [get_ports Clk], [c:/Users/Poiku/Documents/ECE385/fnaf/fnaf.gen/sources_1/ip/clk_wiz_0/clk_wiz_0/clk_wiz_0_in_context.xdc:1]
Resolution: Review the constraint files and remove the redundant clock definition(s). If the clock constraints are not saved in a file, you can first save the constraints to an XDC file and reload the design once the constraints have been corrected.
Finished Parsing XDC File [C:/Users/Poiku/Documents/ECE385/fnaf/fnaf.srcs/constrs_1/imports/lab7_1_provided_fa24/mb_usb_hdmi_top.xdc]
INFO: [Project 1-236] Implementation specific constraints were found while reading constraint file [C:/Users/Poiku/Documents/ECE385/fnaf/fnaf.srcs/constrs_1/imports/lab7_1_provided_fa24/mb_usb_hdmi_top.xdc]. These constraints will be ignored for synthesis but will be used in implementation. Impacted constraints are listed in the file [.Xil/mb_usb_hdmi_top_propImpl.xdc].
Resolution: To avoid this warning, move constraints listed in [.Xil/mb_usb_hdmi_top_propImpl.xdc] to another XDC file and exclude this new file from synthesis with the used_in_synthesis property (File Properties dialog in GUI) and re-run elaboration/synthesis.
Parsing XDC File [C:/Users/Poiku/Documents/ECE385/fnaf/fnaf.runs/synth_1/dont_touch.xdc]
Finished Parsing XDC File [C:/Users/Poiku/Documents/ECE385/fnaf/fnaf.runs/synth_1/dont_touch.xdc]
Completed Processing XDC Constraints

Netlist sorting complete. Time (s): cpu = 00:00:00 ; elapsed = 00:00:00.001 . Memory (MB): peak = 1402.121 ; gain = 0.000
INFO: [Project 1-111] Unisim Transformation Summary:
No Unisim elements were transformed.

Constraint Validation Runtime : Time (s): cpu = 00:00:00 ; elapsed = 00:00:00.015 . Memory (MB): peak = 1402.121 ; gain = 0.000
WARNING: [Timing 38-316] Clock period '20.000' specified during out-of-context synthesis of instance 'mb_fnaf/spi_usb' at clock pin 'ext_spi_clk' is different from the actual clock period '10.000', this can lead to different synthesis results.
WARNING: [Timing 38-316] Clock period '20.000' specified during out-of-context synthesis of instance 'mb_fnaf/microblaze_0_local_memory/lmb_bram' at clock pin 'clka' is different from the actual clock period '10.000', this can lead to different synthesis results.
INFO: [Designutils 20-5440] No compile time benefit to using incremental synthesis; A full resynthesis will be run
INFO: [Designutils 20-4379] Flow is switching to default flow due to incremental criteria not met. If you would like to alter this behaviour and have the flow terminate instead, please set the following parameter config_implementation {autoIncr.Synth.RejectBehavior Terminate}
INFO: [Synth 8-11241] undeclared symbol 'REGCCE', assumed default net type 'wire' [C:/Xilinx/Vivado/2022.2/data/verilog/src/unimacro/BRAM_SINGLE_MACRO.v:2170]
---------------------------------------------------------------------------------
Finished Constraint Validation : Time (s): cpu = 00:00:04 ; elapsed = 00:00:13 . Memory (MB): peak = 1403.098 ; gain = 587.621
---------------------------------------------------------------------------------
---------------------------------------------------------------------------------
Start Loading Part and Timing Information
---------------------------------------------------------------------------------
Loading part: xc7s50csga324-1
---------------------------------------------------------------------------------
Finished Loading Part and Timing Information : Time (s): cpu = 00:00:04 ; elapsed = 00:00:13 . Memory (MB): peak = 1403.098 ; gain = 587.621
---------------------------------------------------------------------------------
---------------------------------------------------------------------------------
Start Applying 'set_property' XDC Constraints
---------------------------------------------------------------------------------
Applied set_property IO_BUFFER_TYPE = NONE for hdmi_tmds_clk_n. (constraint file  c:/Users/Poiku/Documents/ECE385/fnaf/fnaf.gen/sources_1/ip/hdmi_tx_0/hdmi_tx_0/hdmi_tx_0_in_context.xdc, line 1).
Applied set_property CLOCK_BUFFER_TYPE = NONE for hdmi_tmds_clk_n. (constraint file  c:/Users/Poiku/Documents/ECE385/fnaf/fnaf.gen/sources_1/ip/hdmi_tx_0/hdmi_tx_0/hdmi_tx_0_in_context.xdc, line 2).
Applied set_property IO_BUFFER_TYPE = NONE for hdmi_tmds_clk_p. (constraint file  c:/Users/Poiku/Documents/ECE385/fnaf/fnaf.gen/sources_1/ip/hdmi_tx_0/hdmi_tx_0/hdmi_tx_0_in_context.xdc, line 3).
Applied set_property CLOCK_BUFFER_TYPE = NONE for hdmi_tmds_clk_p. (constraint file  c:/Users/Poiku/Documents/ECE385/fnaf/fnaf.gen/sources_1/ip/hdmi_tx_0/hdmi_tx_0/hdmi_tx_0_in_context.xdc, line 4).
Applied set_property IO_BUFFER_TYPE = NONE for hdmi_tmds_data_n[0]. (constraint file  c:/Users/Poiku/Documents/ECE385/fnaf/fnaf.gen/sources_1/ip/hdmi_tx_0/hdmi_tx_0/hdmi_tx_0_in_context.xdc, line 5).
Applied set_property CLOCK_BUFFER_TYPE = NONE for hdmi_tmds_data_n[0]. (constraint file  c:/Users/Poiku/Documents/ECE385/fnaf/fnaf.gen/sources_1/ip/hdmi_tx_0/hdmi_tx_0/hdmi_tx_0_in_context.xdc, line 6).
Applied set_property IO_BUFFER_TYPE = NONE for hdmi_tmds_data_n[1]. (constraint file  c:/Users/Poiku/Documents/ECE385/fnaf/fnaf.gen/sources_1/ip/hdmi_tx_0/hdmi_tx_0/hdmi_tx_0_in_context.xdc, line 7).
Applied set_property CLOCK_BUFFER_TYPE = NONE for hdmi_tmds_data_n[1]. (constraint file  c:/Users/Poiku/Documents/ECE385/fnaf/fnaf.gen/sources_1/ip/hdmi_tx_0/hdmi_tx_0/hdmi_tx_0_in_context.xdc, line 8).
Applied set_property IO_BUFFER_TYPE = NONE for hdmi_tmds_data_n[2]. (constraint file  c:/Users/Poiku/Documents/ECE385/fnaf/fnaf.gen/sources_1/ip/hdmi_tx_0/hdmi_tx_0/hdmi_tx_0_in_context.xdc, line 9).
Applied set_property CLOCK_BUFFER_TYPE = NONE for hdmi_tmds_data_n[2]. (constraint file  c:/Users/Poiku/Documents/ECE385/fnaf/fnaf.gen/sources_1/ip/hdmi_tx_0/hdmi_tx_0/hdmi_tx_0_in_context.xdc, line 10).
Applied set_property IO_BUFFER_TYPE = NONE for hdmi_tmds_data_p[0]. (constraint file  c:/Users/Poiku/Documents/ECE385/fnaf/fnaf.gen/sources_1/ip/hdmi_tx_0/hdmi_tx_0/hdmi_tx_0_in_context.xdc, line 11).
Applied set_property CLOCK_BUFFER_TYPE = NONE for hdmi_tmds_data_p[0]. (constraint file  c:/Users/Poiku/Documents/ECE385/fnaf/fnaf.gen/sources_1/ip/hdmi_tx_0/hdmi_tx_0/hdmi_tx_0_in_context.xdc, line 12).
Applied set_property IO_BUFFER_TYPE = NONE for hdmi_tmds_data_p[1]. (constraint file  c:/Users/Poiku/Documents/ECE385/fnaf/fnaf.gen/sources_1/ip/hdmi_tx_0/hdmi_tx_0/hdmi_tx_0_in_context.xdc, line 13).
Applied set_property CLOCK_BUFFER_TYPE = NONE for hdmi_tmds_data_p[1]. (constraint file  c:/Users/Poiku/Documents/ECE385/fnaf/fnaf.gen/sources_1/ip/hdmi_tx_0/hdmi_tx_0/hdmi_tx_0_in_context.xdc, line 14).
Applied set_property IO_BUFFER_TYPE = NONE for hdmi_tmds_data_p[2]. (constraint file  c:/Users/Poiku/Documents/ECE385/fnaf/fnaf.gen/sources_1/ip/hdmi_tx_0/hdmi_tx_0/hdmi_tx_0_in_context.xdc, line 15).
Applied set_property CLOCK_BUFFER_TYPE = NONE for hdmi_tmds_data_p[2]. (constraint file  c:/Users/Poiku/Documents/ECE385/fnaf/fnaf.gen/sources_1/ip/hdmi_tx_0/hdmi_tx_0/hdmi_tx_0_in_context.xdc, line 16).
Applied set_property IO_BUFFER_TYPE = NONE for Clk. (constraint file  c:/Users/Poiku/Documents/ECE385/fnaf/fnaf.gen/sources_1/ip/clk_wiz_0/clk_wiz_0/clk_wiz_0_in_context.xdc, line 4).
Applied set_property CLOCK_BUFFER_TYPE = NONE for Clk. (constraint file  c:/Users/Poiku/Documents/ECE385/fnaf/fnaf.gen/sources_1/ip/clk_wiz_0/clk_wiz_0/clk_wiz_0_in_context.xdc, line 5).
Applied set_property KEEP_HIERARCHY = SOFT for mb_fnaf. (constraint file  auto generated constraint).
Applied set_property KEEP_HIERARCHY = SOFT for mb_fnaf/microblaze_0. (constraint file  auto generated constraint).
Applied set_property KEEP_HIERARCHY = SOFT for mb_fnaf/microblaze_0_local_memory/dlmb_v10. (constraint file  auto generated constraint).
Applied set_property KEEP_HIERARCHY = SOFT for mb_fnaf/microblaze_0_local_memory/ilmb_v10. (constraint file  auto generated constraint).
Applied set_property KEEP_HIERARCHY = SOFT for mb_fnaf/microblaze_0_local_memory/dlmb_bram_if_cntlr. (constraint file  auto generated constraint).
Applied set_property KEEP_HIERARCHY = SOFT for mb_fnaf/microblaze_0_local_memory/ilmb_bram_if_cntlr. (constraint file  auto generated constraint).
Applied set_property KEEP_HIERARCHY = SOFT for mb_fnaf/microblaze_0_local_memory/lmb_bram. (constraint file  auto generated constraint).
Applied set_property KEEP_HIERARCHY = SOFT for mb_fnaf/microblaze_0_axi_periph/xbar. (constraint file  auto generated constraint).
Applied set_property KEEP_HIERARCHY = SOFT for mb_fnaf/microblaze_0_axi_periph. (constraint file  auto generated constraint).
Applied set_property KEEP_HIERARCHY = SOFT for mb_fnaf/microblaze_0_axi_intc. (constraint file  auto generated constraint).
Applied set_property KEEP_HIERARCHY = SOFT for mb_fnaf/microblaze_0_xlconcat. (constraint file  auto generated constraint).
Applied set_property KEEP_HIERARCHY = SOFT for mb_fnaf/mdm_1. (constraint file  auto generated constraint).
Applied set_property KEEP_HIERARCHY = SOFT for mb_fnaf/clk_wiz_1. (constraint file  auto generated constraint).
Applied set_property KEEP_HIERARCHY = SOFT for mb_fnaf/rst_clk_wiz_1_100M. (constraint file  auto generated constraint).
Applied set_property KEEP_HIERARCHY = SOFT for mb_fnaf/axi_uartlite_0. (constraint file  auto generated constraint).
Applied set_property KEEP_HIERARCHY = SOFT for mb_fnaf/gpio_usb_rst. (constraint file  auto generated constraint).
Applied set_property KEEP_HIERARCHY = SOFT for mb_fnaf/gpio_usb_int. (constraint file  auto generated constraint).
Applied set_property KEEP_HIERARCHY = SOFT for mb_fnaf/gpio_usb_keycode. (constraint file  auto generated constraint).
Applied set_property KEEP_HIERARCHY = SOFT for mb_fnaf/timer_usb_axi. (constraint file  auto generated constraint).
Applied set_property KEEP_HIERARCHY = SOFT for mb_fnaf/spi_usb. (constraint file  auto generated constraint).
Applied set_property KEEP_HIERARCHY = SOFT for color_instance/camani. (constraint file  auto generated constraint).
Applied set_property KEEP_HIERARCHY = SOFT for color_instance/office. (constraint file  auto generated constraint).
Applied set_property KEEP_HIERARCHY = SOFT for vga_to_hdmi. (constraint file  auto generated constraint).
Applied set_property KEEP_HIERARCHY = SOFT for clk_wiz. (constraint file  auto generated constraint).
Applied set_property KEEP_HIERARCHY = SOFT for color_instance/start. (constraint file  auto generated constraint).
Applied set_property KEEP_HIERARCHY = SOFT for color_instance/fan. (constraint file  auto generated constraint).
Applied set_property KEEP_HIERARCHY = SOFT for color_instance/door. (constraint file  auto generated constraint).
Applied set_property KEEP_HIERARCHY = SOFT for color_instance/cams. (constraint file  auto generated constraint).
Applied set_property KEEP_HIERARCHY = SOFT for color_instance/batt. (constraint file  auto generated constraint).
Applied set_property KEEP_HIERARCHY = SOFT for color_instance/nums. (constraint file  auto generated constraint).
Applied set_property KEEP_HIERARCHY = SOFT for color_instance/times. (constraint file  auto generated constraint).
Applied set_property KEEP_HIERARCHY = SOFT for color_instance/lab. (constraint file  auto generated constraint).
Applied set_property KEEP_HIERARCHY = SOFT for color_instance/lose. (constraint file  auto generated constraint).
Applied set_property KEEP_HIERARCHY = SOFT for color_instance/win. (constraint file  auto generated constraint).
Applied set_property KEEP_HIERARCHY = SOFT for color_instance/gates. (constraint file  auto generated constraint).
Applied set_property KEEP_HIERARCHY = SOFT for color_instance/zuofudoor. (constraint file  auto generated constraint).
Applied set_property KEEP_HIERARCHY = SOFT for color_instance/controls. (constraint file  auto generated constraint).
Applied set_property KEEP_HIERARCHY = SOFT for color_instance/gatejump. (constraint file  auto generated constraint).
Applied set_property KEEP_HIERARCHY = SOFT for color_instance/zuofuevil. (constraint file  auto generated constraint).
---------------------------------------------------------------------------------
Finished applying 'set_property' XDC Constraints : Time (s): cpu = 00:00:04 ; elapsed = 00:00:14 . Memory (MB): peak = 1403.098 ; gain = 587.621
---------------------------------------------------------------------------------
WARNING: [Synth 8-327] inferring latch for variable 'times_addr_reg' [C:/Users/Poiku/Documents/ECE385/fnaf/fnaf.srcs/sources_1/imports/design_source/Color_Mapper.sv:489]
WARNING: [Synth 8-327] inferring latch for variable 'nums_addr_reg' [C:/Users/Poiku/Documents/ECE385/fnaf/fnaf.srcs/sources_1/imports/design_source/Color_Mapper.sv:426]
WARNING: [Synth 8-327] inferring latch for variable 'batt_addr_reg' [C:/Users/Poiku/Documents/ECE385/fnaf/fnaf.srcs/sources_1/imports/design_source/Color_Mapper.sv:477]
---------------------------------------------------------------------------------
Finished RTL Optimization Phase 2 : Time (s): cpu = 00:00:05 ; elapsed = 00:00:15 . Memory (MB): peak = 1403.098 ; gain = 587.621
---------------------------------------------------------------------------------
---------------------------------------------------------------------------------
Start RTL Component Statistics 
---------------------------------------------------------------------------------
Detailed RTL Component Info : 
+---Adders : 
	   3 Input   18 Bit       Adders := 1     
	   2 Input   17 Bit       Adders := 1     
	   3 Input   17 Bit       Adders := 8     
	   2 Input   16 Bit       Adders := 5     
	   2 Input   15 Bit       Adders := 5     
	   2 Input   14 Bit       Adders := 1     
	   2 Input   13 Bit       Adders := 1     
	   3 Input   13 Bit       Adders := 3     
	   2 Input   11 Bit       Adders := 3     
	   3 Input   11 Bit       Adders := 4     
	   2 Input   10 Bit       Adders := 3     
	   2 Input    9 Bit       Adders := 2     
	   3 Input    9 Bit       Adders := 11    
	   2 Input    8 Bit       Adders := 2     
	   2 Input    6 Bit       Adders := 1     
	   2 Input    4 Bit       Adders := 10    
	   3 Input    2 Bit       Adders := 1     
+---XORs : 
	   2 Input      1 Bit         XORs := 1     
+---Registers : 
	               11 Bit    Registers := 1     
	               10 Bit    Registers := 2     
	                9 Bit    Registers := 1     
	                8 Bit    Registers := 3     
	                6 Bit    Registers := 1     
	                4 Bit    Registers := 4     
	                3 Bit    Registers := 1     
	                2 Bit    Registers := 5     
	                1 Bit    Registers := 27    
+---Muxes : 
	   2 Input   15 Bit        Muxes := 1     
	   2 Input   13 Bit        Muxes := 2     
	   8 Input   12 Bit        Muxes := 5     
	   4 Input   12 Bit        Muxes := 4     
	   4 Input   11 Bit        Muxes := 3     
	   2 Input   11 Bit        Muxes := 2     
	   2 Input   10 Bit        Muxes := 3     
	   2 Input    9 Bit        Muxes := 2     
	   4 Input    8 Bit        Muxes := 2     
	   2 Input    8 Bit        Muxes := 3     
	   3 Input    8 Bit        Muxes := 1     
	   4 Input    5 Bit        Muxes := 1     
	   5 Input    4 Bit        Muxes := 2     
	   2 Input    4 Bit        Muxes := 12    
	   6 Input    3 Bit        Muxes := 1     
	   2 Input    3 Bit        Muxes := 1     
	   2 Input    2 Bit        Muxes := 12    
	   4 Input    2 Bit        Muxes := 1     
	   2 Input    1 Bit        Muxes := 45    
	   3 Input    1 Bit        Muxes := 3     
	   8 Input    1 Bit        Muxes := 1     
	   7 Input    1 Bit        Muxes := 2     
	   6 Input    1 Bit        Muxes := 1     
	  11 Input    1 Bit        Muxes := 2     
---------------------------------------------------------------------------------
Finished RTL Component Statistics 
---------------------------------------------------------------------------------
---------------------------------------------------------------------------------
Start Part Resource Summary
---------------------------------------------------------------------------------
Part Resources:
DSPs: 120 (col length:60)
BRAMs: 150 (col length: RAMB18 60 RAMB36 30)
---------------------------------------------------------------------------------
Finished Part Resource Summary
---------------------------------------------------------------------------------
---------------------------------------------------------------------------------
Start Cross Boundary and Area Optimization
---------------------------------------------------------------------------------
WARNING: [Synth 8-7080] Parallel synthesis criteria is not met
DSP Report: Generating DSP addra0, operation Mode is: C+(D+(0 or A))*(B:0xa0).
DSP Report: operator addra00 is absorbed into DSP addra0.
DSP Report: operator p_0_out is absorbed into DSP addra0.
DSP Report: operator addra4 is absorbed into DSP addra0.
DSP Report: operator addra0 is absorbed into DSP addra0.
DSP Report: operator addra1 is absorbed into DSP addra0.
DSP Report: Generating DSP times_addr1, operation Mode is: (D+(A:0x3ffffffd))*(B:0x1d).
DSP Report: operator times_addr1 is absorbed into DSP times_addr1.
DSP Report: operator times_addr2 is absorbed into DSP times_addr1.
DSP Report: Generating DSP times_addr0, operation Mode is: PCIN+(A:0x0):B+(C:0xffffffffff83).
DSP Report: operator times_addr0 is absorbed into DSP times_addr0.
DSP Report: Generating DSP addra2, operation Mode is: (D+(A:0x3fffffe4))*(B:0x69).
DSP Report: operator addra2 is absorbed into DSP addra2.
DSP Report: operator addra3 is absorbed into DSP addra2.
DSP Report: Generating DSP addra2, operation Mode is: (D+(A:0x3fffffd5))*(B:0x2a).
DSP Report: operator addra2 is absorbed into DSP addra2.
DSP Report: operator addra3 is absorbed into DSP addra2.
DSP Report: Generating DSP addra1, operation Mode is: (D+(A:0x3fffffd3))*(B:0x23).
DSP Report: operator addra1 is absorbed into DSP addra1.
DSP Report: operator addra2 is absorbed into DSP addra1.
DSP Report: Generating DSP addra0, operation Mode is: PCIN+(A:0x0):B+(C:0xffffffffffd7).
DSP Report: operator addra0 is absorbed into DSP addra0.
DSP Report: Generating DSP addra2, operation Mode is: (D+(A:0x3fffffc9))*(B:0x1c).
DSP Report: operator addra2 is absorbed into DSP addra2.
DSP Report: operator addra3 is absorbed into DSP addra2.
WARNING: [Synth 8-3917] design mb_usb_hdmi_top has port hex_segA[7] driven by constant 1
WARNING: [Synth 8-3917] design mb_usb_hdmi_top has port hex_segB[7] driven by constant 1
---------------------------------------------------------------------------------
Finished Cross Boundary and Area Optimization : Time (s): cpu = 00:00:08 ; elapsed = 00:00:22 . Memory (MB): peak = 1403.098 ; gain = 587.621
---------------------------------------------------------------------------------
---------------------------------------------------------------------------------
Start ROM, RAM, DSP, Shift Register and Retiming Reporting
---------------------------------------------------------------------------------

DSP: Preliminary Mapping Report (see note below. The ' indicates corresponding REG is set)
+-------------+-----------------------------------+--------+--------+--------+--------+--------+------+------+------+------+-------+------+------+
|Module Name  | DSP Mapping                       | A Size | B Size | C Size | D Size | P Size | AREG | BREG | CREG | DREG | ADREG | MREG | PREG | 
+-------------+-----------------------------------+--------+--------+--------+--------+--------+------+------+------+------+-------+------+------+
|color_mapper | C+(D+(0 or A))*(B:0xa0)           | 15     | 8      | 8      | 8      | 15     | 0    | 0    | 0    | 0    | 0     | 0    | 0    | 
|color_mapper | (D+(A:0x3ffffffd))*(B:0x1d)       | 10     | 5      | -      | 8      | 15     | 0    | 0    | -    | 0    | 0     | 0    | 0    | 
|color_mapper | PCIN+(A:0x0):B+(C:0xffffffffff83) | 30     | 8      | 8      | -      | -1     | 0    | 0    | 0    | -    | -     | 0    | 0    | 
|color_mapper | (D+(A:0x3fffffe4))*(B:0x69)       | 13     | 7      | -      | 8      | 20     | 0    | 0    | -    | 0    | 0     | 0    | 0    | 
|color_mapper | (D+(A:0x3fffffd5))*(B:0x2a)       | 11     | 6      | -      | 8      | 17     | 0    | 0    | -    | 0    | 0     | 0    | 0    | 
|color_mapper | (D+(A:0x3fffffd3))*(B:0x23)       | 11     | 6      | -      | 8      | 17     | 0    | 0    | -    | 0    | 0     | 0    | 0    | 
|color_mapper | PCIN+(A:0x0):B+(C:0xffffffffffd7) | 30     | 8      | 7      | -      | -1     | 0    | 0    | 0    | -    | -     | 0    | 0    | 
|color_mapper | (D+(A:0x3fffffc9))*(B:0x1c)       | 11     | 5      | -      | 8      | 16     | 0    | 0    | -    | 0    | 0     | 0    | 0    | 
+-------------+-----------------------------------+--------+--------+--------+--------+--------+------+------+------+------+-------+------+------+

Note: The table above is a preliminary report that shows the DSPs inferred at the current stage of the synthesis flow. Some DSP may be reimplemented as non DSP primitives later in the synthesis flow. Multiple instantiated DSPs are reported only once.
---------------------------------------------------------------------------------
Finished ROM, RAM, DSP, Shift Register and Retiming Reporting
---------------------------------------------------------------------------------
---------------------------------------------------------------------------------
Start Applying XDC Timing Constraints
---------------------------------------------------------------------------------
WARNING: [Synth 8-565] redefining clock 'Clk'
---------------------------------------------------------------------------------
Finished Applying XDC Timing Constraints : Time (s): cpu = 00:00:12 ; elapsed = 00:00:30 . Memory (MB): peak = 1403.098 ; gain = 587.621
---------------------------------------------------------------------------------
---------------------------------------------------------------------------------
Start Timing Optimization
---------------------------------------------------------------------------------
---------------------------------------------------------------------------------
Finished Timing Optimization : Time (s): cpu = 00:00:12 ; elapsed = 00:00:31 . Memory (MB): peak = 1415.605 ; gain = 600.129
---------------------------------------------------------------------------------
---------------------------------------------------------------------------------
Start Technology Mapping
---------------------------------------------------------------------------------
---------------------------------------------------------------------------------
Finished Technology Mapping : Time (s): cpu = 00:00:13 ; elapsed = 00:00:32 . Memory (MB): peak = 1432.016 ; gain = 616.539
---------------------------------------------------------------------------------
---------------------------------------------------------------------------------
Start IO Insertion
---------------------------------------------------------------------------------
---------------------------------------------------------------------------------
Start Flattening Before IO Insertion
---------------------------------------------------------------------------------
---------------------------------------------------------------------------------
Finished Flattening Before IO Insertion
---------------------------------------------------------------------------------
---------------------------------------------------------------------------------
Start Final Netlist Cleanup
---------------------------------------------------------------------------------
---------------------------------------------------------------------------------
Finished Final Netlist Cleanup
---------------------------------------------------------------------------------
---------------------------------------------------------------------------------
Finished IO Insertion : Time (s): cpu = 00:00:16 ; elapsed = 00:00:36 . Memory (MB): peak = 1446.766 ; gain = 631.289
---------------------------------------------------------------------------------
---------------------------------------------------------------------------------
Start Renaming Generated Instances
---------------------------------------------------------------------------------
---------------------------------------------------------------------------------
Finished Renaming Generated Instances : Time (s): cpu = 00:00:16 ; elapsed = 00:00:36 . Memory (MB): peak = 1446.766 ; gain = 631.289
---------------------------------------------------------------------------------
---------------------------------------------------------------------------------
Start Rebuilding User Hierarchy
---------------------------------------------------------------------------------
---------------------------------------------------------------------------------
Finished Rebuilding User Hierarchy : Time (s): cpu = 00:00:16 ; elapsed = 00:00:36 . Memory (MB): peak = 1446.766 ; gain = 631.289
---------------------------------------------------------------------------------
---------------------------------------------------------------------------------
Start Renaming Generated Ports
---------------------------------------------------------------------------------
---------------------------------------------------------------------------------
Finished Renaming Generated Ports : Time (s): cpu = 00:00:16 ; elapsed = 00:00:36 . Memory (MB): peak = 1446.766 ; gain = 631.289
---------------------------------------------------------------------------------
---------------------------------------------------------------------------------
Start Handling Custom Attributes
---------------------------------------------------------------------------------
---------------------------------------------------------------------------------
Finished Handling Custom Attributes : Time (s): cpu = 00:00:16 ; elapsed = 00:00:36 . Memory (MB): peak = 1446.766 ; gain = 631.289
---------------------------------------------------------------------------------
---------------------------------------------------------------------------------
Start Renaming Generated Nets
---------------------------------------------------------------------------------
---------------------------------------------------------------------------------
Finished Renaming Generated Nets : Time (s): cpu = 00:00:16 ; elapsed = 00:00:36 . Memory (MB): peak = 1446.766 ; gain = 631.289
---------------------------------------------------------------------------------
---------------------------------------------------------------------------------
Start Writing Synthesis Report
---------------------------------------------------------------------------------

DSP Final Report (the ' indicates corresponding REG is set)
+-------------+---------------------------------------+--------+--------+--------+--------+--------+------+------+------+------+-------+------+------+
|Module Name  | DSP Mapping                           | A Size | B Size | C Size | D Size | P Size | AREG | BREG | CREG | DREG | ADREG | MREG | PREG | 
+-------------+---------------------------------------+--------+--------+--------+--------+--------+------+------+------+------+-------+------+------+
|color_mapper | D+A*B                                 | 30     | 5      | -      | 8      | 0      | 0    | 0    | -    | 0    | 0     | 0    | 0    | 
|color_mapper | PCIN+A:B+C                            | 0      | 8      | -      | -      | 10     | 0    | 0    | -    | -    | -     | 0    | 0    | 
|color_mapper | D+A*B                                 | 30     | 7      | -      | 8      | 20     | 0    | 0    | -    | 0    | 0     | 0    | 0    | 
|color_mapper | D+A*B                                 | 30     | 6      | -      | 8      | 17     | 0    | 0    | -    | 0    | 0     | 0    | 0    | 
|color_mapper | D+A*B                                 | 30     | 6      | -      | 8      | 0      | 0    | 0    | -    | 0    | 0     | 0    | 0    | 
|color_mapper | PCIN+A:B+C                            | 0      | 8      | -      | -      | 11     | 0    | 0    | -    | -    | -     | 0    | 0    | 
|color_mapper | D+A*B                                 | 30     | 5      | -      | 8      | 16     | 0    | 0    | -    | 0    | 0     | 0    | 0    | 
|color_mapper | C+(Dynamically Configured Multiplier) | -      | -      | 8      | -      | 15     | -    | -    | 0    | -    | 0     | 0    | 0    | 
+-------------+---------------------------------------+--------+--------+--------+--------+--------+------+------+------+------+-------+------+------+


Report BlackBoxes: 
+------+--------------------------------+----------+
|      |BlackBox name                   |Instances |
+------+--------------------------------+----------+
|1     |mb_fnaf_xbar_0                  |         1|
|2     |mb_fnaf_axi_uartlite_0_0        |         1|
|3     |mb_fnaf_clk_wiz_1_0             |         1|
|4     |mb_fnaf_axi_gpio_0_1            |         1|
|5     |mb_fnaf_axi_gpio_0_2            |         1|
|6     |mb_fnaf_axi_gpio_0_0            |         1|
|7     |mb_fnaf_mdm_1_0                 |         1|
|8     |mb_fnaf_microblaze_0_0          |         1|
|9     |mb_fnaf_microblaze_0_axi_intc_0 |         1|
|10    |mb_fnaf_rst_clk_wiz_1_100M_0    |         1|
|11    |mb_fnaf_axi_quad_spi_0_0        |         1|
|12    |mb_fnaf_axi_timer_0_0           |         1|
|13    |mb_fnaf_dlmb_bram_if_cntlr_0    |         1|
|14    |mb_fnaf_dlmb_v10_0              |         1|
|15    |mb_fnaf_ilmb_bram_if_cntlr_0    |         1|
|16    |mb_fnaf_ilmb_v10_0              |         1|
|17    |mb_fnaf_lmb_bram_0              |         1|
|18    |clk_wiz_0                       |         1|
|19    |hdmi_tx_0                       |         1|
|20    |start_rom                       |         1|
|21    |controls                        |         1|
|22    |office                          |         1|
|23    |fan                             |         1|
|24    |door                            |         1|
|25    |cams                            |         1|
|26    |camani                          |         1|
|27    |nums                            |         1|
|28    |times                           |         1|
|29    |batt                            |         1|
|30    |lab                             |         1|
|31    |gatejump                        |         1|
|32    |gates                           |         1|
|33    |zuofuevil                       |         1|
|34    |zuofudoor                       |         1|
|35    |win                             |         1|
|36    |lose                            |         1|
+------+--------------------------------+----------+

Report Cell Usage: 
+------+------------------------------+------+
|      |Cell                          |Count |
+------+------------------------------+------+
|1     |batt                          |     1|
|2     |camani                        |     1|
|3     |cams                          |     1|
|4     |clk_wiz                       |     1|
|5     |controls                      |     1|
|6     |door                          |     1|
|7     |fan                           |     1|
|8     |gatejump                      |     1|
|9     |gates                         |     1|
|10    |hdmi_tx                       |     1|
|11    |lab                           |     1|
|12    |lose                          |     1|
|13    |mb_fnaf_axi_gpio_0            |     3|
|16    |mb_fnaf_axi_quad_spi_0        |     1|
|17    |mb_fnaf_axi_timer_0           |     1|
|18    |mb_fnaf_axi_uartlite_0        |     1|
|19    |mb_fnaf_clk_wiz_1             |     1|
|20    |mb_fnaf_dlmb_bram_if_cntlr    |     1|
|21    |mb_fnaf_dlmb_v10              |     1|
|22    |mb_fnaf_ilmb_bram_if_cntlr    |     1|
|23    |mb_fnaf_ilmb_v10              |     1|
|24    |mb_fnaf_lmb_bram              |     1|
|25    |mb_fnaf_mdm_1                 |     1|
|26    |mb_fnaf_microblaze_0          |     1|
|27    |mb_fnaf_microblaze_0_axi_intc |     1|
|28    |mb_fnaf_rst_clk_wiz_1_100M    |     1|
|29    |mb_fnaf_xbar                  |     1|
|30    |nums                          |     1|
|31    |office                        |     1|
|32    |start_rom                     |     1|
|33    |times                         |     1|
|34    |win                           |     1|
|35    |zuofudoor                     |     1|
|36    |zuofuevil                     |     1|
|37    |BUFG                          |     1|
|38    |CARRY4                        |   219|
|39    |DSP48E1                       |     8|
|42    |LUT1                          |   131|
|43    |LUT2                          |   383|
|44    |LUT3                          |   198|
|45    |LUT4                          |   299|
|46    |LUT5                          |   191|
|47    |LUT6                          |   445|
|48    |MUXF7                         |    24|
|49    |FDCE                          |    22|
|50    |FDRE                          |   136|
|51    |FDSE                          |     1|
|52    |LD                            |    28|
|53    |IBUF                          |    11|
|54    |OBUF                          |    45|
+------+------------------------------+------+
---------------------------------------------------------------------------------
Finished Writing Synthesis Report : Time (s): cpu = 00:00:16 ; elapsed = 00:00:36 . Memory (MB): peak = 1446.766 ; gain = 631.289
---------------------------------------------------------------------------------
Synthesis finished with 0 errors, 0 critical warnings and 60 warnings.
Synthesis Optimization Runtime : Time (s): cpu = 00:00:13 ; elapsed = 00:00:34 . Memory (MB): peak = 1446.766 ; gain = 573.465
Synthesis Optimization Complete : Time (s): cpu = 00:00:16 ; elapsed = 00:00:36 . Memory (MB): peak = 1446.766 ; gain = 631.289
INFO: [Project 1-571] Translating synthesized netlist
Netlist sorting complete. Time (s): cpu = 00:00:00 ; elapsed = 00:00:00.046 . Memory (MB): peak = 1458.828 ; gain = 0.000
INFO: [Netlist 29-17] Analyzing 279 Unisim elements for replacement
INFO: [Netlist 29-28] Unisim Transformation completed in 0 CPU seconds
INFO: [Project 1-570] Preparing netlist for logic optimization
INFO: [Opt 31-140] Inserted 1 IBUFs to IO ports without IO buffers.
INFO: [Opt 31-138] Pushed 0 inverter(s) to 0 load pin(s).
Netlist sorting complete. Time (s): cpu = 00:00:00 ; elapsed = 00:00:00.001 . Memory (MB): peak = 1462.516 ; gain = 0.000
INFO: [Project 1-111] Unisim Transformation Summary:
  A total of 28 instances were transformed.
  LD => LDCE: 28 instances

Synth Design complete, checksum: 7c0c097a
INFO: [Common 17-83] Releasing license: Synthesis
168 Infos, 142 Warnings, 1 Critical Warnings and 0 Errors encountered.
synth_design completed successfully
synth_design: Time (s): cpu = 00:00:18 ; elapsed = 00:00:41 . Memory (MB): peak = 1462.516 ; gain = 1028.375
INFO: [runtcl-6] Synthesis results are not added to the cache due to CRITICAL_WARNING
INFO: [Common 17-1381] The checkpoint 'C:/Users/Poiku/Documents/ECE385/fnaf/fnaf.runs/synth_1/mb_usb_hdmi_top.dcp' has been generated.
INFO: [runtcl-4] Executing : report_utilization -file mb_usb_hdmi_top_utilization_synth.rpt -pb mb_usb_hdmi_top_utilization_synth.pb
INFO: [Common 17-206] Exiting Vivado at Fri Dec 13 00:16:26 2024...
