
*** Running vivado
    with args -log mb_fnaf_dlmb_v10_0.vds -m64 -product Vivado -mode batch -messageDb vivado.pb -notrace -source mb_fnaf_dlmb_v10_0.tcl



****** Vivado v2022.2 (64-bit)
  **** SW Build 3671981 on Fri Oct 14 05:00:03 MDT 2022
  **** IP Build 3669848 on Fri Oct 14 08:30:02 MDT 2022
    ** Copyright 1986-2022 Xilinx, Inc. All Rights Reserved.

source mb_fnaf_dlmb_v10_0.tcl -notrace
create_project: Time (s): cpu = 00:00:01 ; elapsed = 00:00:06 . Memory (MB): peak = 372.883 ; gain = 41.805
INFO: [IP_Flow 19-234] Refreshing IP repositories
INFO: [IP_Flow 19-1700] Loaded user IP repository 'c:/Users/Poiku/Documents/ECE385/fnaf/hdmi_tx_1.0'.
INFO: [IP_Flow 19-2313] Loaded Vivado IP repository 'C:/Xilinx/Vivado/2022.2/data/ip'.
INFO: [IP_Flow 19-6924] IPCACHE: Running cache check for IP inst: mb_fnaf_dlmb_v10_0
INFO: [IP_Flow 19-6922] IPCACHE: Exporting cached entry 8b859a7611e3417d to dir: C:/Users/Poiku/Documents/ECE385/fnaf/fnaf.runs/mb_fnaf_dlmb_v10_0_synth_1
INFO: [IP_Flow 19-6928] IPCACHE: copied cached file c:/Users/Poiku/Documents/ECE385/fnaf/fnaf.cache/ip/2022.2/8/b/8b859a7611e3417d/mb_fnaf_ilmb_v10_0.dcp to C:/Users/Poiku/Documents/ECE385/fnaf/fnaf.runs/mb_fnaf_dlmb_v10_0_synth_1/mb_fnaf_dlmb_v10_0.dcp.
INFO: [IP_Flow 19-6928] IPCACHE: copied cached file c:/Users/Poiku/Documents/ECE385/fnaf/fnaf.cache/ip/2022.2/8/b/8b859a7611e3417d/mb_fnaf_ilmb_v10_0_sim_netlist.v to C:/Users/Poiku/Documents/ECE385/fnaf/fnaf.runs/mb_fnaf_dlmb_v10_0_synth_1/mb_fnaf_dlmb_v10_0_sim_netlist.v.
INFO: [IP_Flow 19-6928] IPCACHE: copied cached file c:/Users/Poiku/Documents/ECE385/fnaf/fnaf.cache/ip/2022.2/8/b/8b859a7611e3417d/mb_fnaf_ilmb_v10_0_sim_netlist.vhdl to C:/Users/Poiku/Documents/ECE385/fnaf/fnaf.runs/mb_fnaf_dlmb_v10_0_synth_1/mb_fnaf_dlmb_v10_0_sim_netlist.vhdl.
INFO: [IP_Flow 19-6928] IPCACHE: copied cached file c:/Users/Poiku/Documents/ECE385/fnaf/fnaf.cache/ip/2022.2/8/b/8b859a7611e3417d/mb_fnaf_ilmb_v10_0_stub.v to C:/Users/Poiku/Documents/ECE385/fnaf/fnaf.runs/mb_fnaf_dlmb_v10_0_synth_1/mb_fnaf_dlmb_v10_0_stub.v.
INFO: [IP_Flow 19-6928] IPCACHE: copied cached file c:/Users/Poiku/Documents/ECE385/fnaf/fnaf.cache/ip/2022.2/8/b/8b859a7611e3417d/mb_fnaf_ilmb_v10_0_stub.vhdl to C:/Users/Poiku/Documents/ECE385/fnaf/fnaf.runs/mb_fnaf_dlmb_v10_0_synth_1/mb_fnaf_dlmb_v10_0_stub.vhdl.
INFO: [IP_Flow 19-4838] Using cached IP synthesis design for IP mb_fnaf_dlmb_v10_0, cache-ID = 8b859a7611e3417d.
INFO: [Common 17-206] Exiting Vivado at Thu Nov 21 18:58:46 2024...
